<?xml version="1.0" encoding="utf-8"?>
<TestRun id="aa05850f-5ccd-4798-8142-874a87885783" name="cgliu@EDWINYNG 2026-09-15 13:13:41" runUser="EDWINYNG\cgliu" xmlns="http://microsoft.com/schemas/VisualStudio/TeamTest/2010">
  <Times creation="2026-09-15T13:13:41.9583980+08:00" queuing="2026-09-15T13:13:41.9583984+08:00" start="2026-09-15T13:13:41.1119973+08:00" finish="2026-09-15T13:13:42.7291057+08:00" />
  <TestSettings name="default" id="f271ba81-84da-453d-9c14-a6a3ec5b8000">
    <Deployment runDeploymentRoot="cgliu_EDWINYNG_2026-09-15_13_13_41" />
  </TestSettings>
  <Results>
    <UnitTestResult executionId="ed624ab9-8588-4bd6-a7d5-1115ee037df1" testId="d87259b8-cb24-d3cb-ecbb-ab6e237a3802" testName="HlslPerf.Core.Tests.CrowdVfxWorkloadTests.MeasuredPressureManifestsExposeBoundedConditionalSearchSpace(level: &quot;high&quot;)" computerName="EDWINYNG" duration="00:00:00.0009727" startTime="2026-09-15T13:13:42.0365346+08:00" endTime="2026-09-15T13:13:42.0375247+08:00" testType="13cdc9d9-ddb5-4fa4-a97d-d965ccfc6d4b" outcome="Passed" testListId="8c84fa94-04c1-424b-9868-57a2d4851a1d" relativeResultsDirectory="ed624ab9-8588-4bd6-a7d5-1115ee037df1" />
    <UnitTestResult executionId="375cbe20-cd32-46ce-aedb-ebe90080fc45" testId="36041a2d-e2cb-ac1e-f0ef-1af7b87199c4" testName="HlslPerf.Core.Tests.WaveTiledScanTests.UnsupportedConfigurationsAreRejectedBeforeDispatch(name: &quot;HLSLPERF_WAVE_TILED_INCLUSIVE&quot;, value: 1)" computerName="EDWINYNG" duration="00:00:00.0000400" startTime="2026-09-15T13:13:41.9499410+08:00" endTime="2026-09-15T13:13:41.9499918+08:00" testType="13cdc9d9-ddb5-4fa4-a97d-d965ccfc6d4b" outcome="Passed" testListId="8c84fa94-04c1-424b-9868-57a2d4851a1d" relativeResultsDirectory="375cbe20-cd32-46ce-aedb-ebe90080fc45" />
    <UnitTestResult executionId="783464cd-4de1-494c-b9b4-573eb96b6126" testId="7cd25757-2ba5-dc64-823b-9bc835cb39dc" testName="HlslPerf.Core.Tests.WorkloadPackTests.HistogramCountsAllGroupsharedArraysAgainstLdsBudget" computerName="EDWINYNG" duration="00:00:00.0158133" startTime="2026-09-15T13:13:41.9169350+08:00" endTime="2026-09-15T13:13:41.9378423+08:00" testType="13cdc9d9-ddb5-4fa4-a97d-d965ccfc6d4b" outcome="Passed" testListId="8c84fa94-04c1-424b-9868-57a2d4851a1d" relativeResultsDirectory="783464cd-4de1-494c-b9b4-573eb96b6126" />
    <UnitTestResult executionId="6c08b51c-2ca5-41e0-b9a1-3e86e08f7d62" testId="dcd2b2d7-cc69-6591-75c0-ba810c4b07e2" testName="HlslPerf.Core.Tests.CausalScanTests.VectorIoChangesOnlyIoDefineAndShaderIdentity(count: 8388608)" computerName="EDWINYNG" duration="00:00:00.2570398" startTime="2026-09-15T13:13:41.9752734+08:00" endTime="2026-09-15T13:13:42.2323456+08:00" testType="13cdc9d9-ddb5-4fa4-a97d-d965ccfc6d4b" outcome="Passed" testListId="8c84fa94-04c1-424b-9868-57a2d4851a1d" relativeResultsDirectory="6c08b51c-2ca5-41e0-b9a1-3e86e08f7d62" />
    <UnitTestResult executionId="48177d95-b13a-4bc4-9080-ff73d7575dc1" testId="9d0804d1-ee2c-ed79-46b2-7fac97ae62a6" testName="HlslPerf.Core.Tests.PairedProfileTests.ReusingOutputDirectoryArchivesEarlierEvidenceBeforeWritingRejection" computerName="EDWINYNG" duration="00:00:00.0289371" startTime="2026-09-15T13:13:42.0484487+08:00" endTime="2026-09-15T13:13:42.0774326+08:00" testType="13cdc9d9-ddb5-4fa4-a97d-d965ccfc6d4b" outcome="Passed" testListId="8c84fa94-04c1-424b-9868-57a2d4851a1d" relativeResultsDirectory="48177d95-b13a-4bc4-9080-ff73d7575dc1" />
    <UnitTestResult executionId="d93d631a-90f7-4aa5-82ed-ed5ac6244dd9" testId="b94f42df-fd86-b373-4979-8beb813a6434" testName="HlslPerf.Core.Tests.WorkloadPackTests.ReductionBuildsRecursiveEndToEndPlan" computerName="EDWINYNG" duration="00:00:00.0012036" startTime="2026-09-15T13:13:41.9560166+08:00" endTime="2026-09-15T13:13:41.9572409+08:00" testType="13cdc9d9-ddb5-4fa4-a97d-d965ccfc6d4b" outcome="Passed" testListId="8c84fa94-04c1-424b-9868-57a2d4851a1d" relativeResultsDirectory="d93d631a-90f7-4aa5-82ed-ed5ac6244dd9" />
    <UnitTestResult executionId="d009cf8f-5e97-49fc-84c7-3511cf207a26" testId="74e21e50-0751-c4aa-1bd3-a5a8b2608c6c" testName="HlslPerf.Core.Tests.RadixTileTests.InvalidTileConfigurationFailsBeforeOracleAllocation(define: &quot;HLSLPERF_RADIX_BITS&quot;, value: 1)" computerName="EDWINYNG" duration="00:00:00.0002794" startTime="2026-09-15T13:13:42.5159168+08:00" endTime="2026-09-15T13:13:42.5162113+08:00" testType="13cdc9d9-ddb5-4fa4-a97d-d965ccfc6d4b" outcome="Passed" testListId="8c84fa94-04c1-424b-9868-57a2d4851a1d" relativeResultsDirectory="d009cf8f-5e97-49fc-84c7-3511cf207a26" />
    <UnitTestResult executionId="3739bf80-28ca-48ba-9c43-4b0f946eea14" testId="86b7572e-6ccc-e2ff-3946-7b1bf63851b3" testName="HlslPerf.Core.Tests.WaveTiledScanTests.UnsupportedConfigurationsAreRejectedBeforeDispatch(name: &quot;HLSLPERF_WAVE_TILED_MAX_POLLS&quot;, value: 0)" computerName="EDWINYNG" duration="00:00:00.0000918" startTime="2026-09-15T13:13:41.9493670+08:00" endTime="2026-09-15T13:13:41.9494823+08:00" testType="13cdc9d9-ddb5-4fa4-a97d-d965ccfc6d4b" outcome="Passed" testListId="8c84fa94-04c1-424b-9868-57a2d4851a1d" relativeResultsDirectory="3739bf80-28ca-48ba-9c43-4b0f946eea14" />
    <UnitTestResult executionId="82cec41a-7732-4925-9516-c96a3574957c" testId="b572ce16-6438-4a07-2469-cd3955a73df0" testName="HlslPerf.Core.Tests.RadixSortTests.MaximumByteAddressableDimensionsCanBeCheckedWithoutAllocation" computerName="EDWINYNG" duration="00:00:00.0000556" startTime="2026-09-15T13:13:42.0418463+08:00" endTime="2026-09-15T13:13:42.0419127+08:00" testType="13cdc9d9-ddb5-4fa4-a97d-d965ccfc6d4b" outcome="Passed" testListId="8c84fa94-04c1-424b-9868-57a2d4851a1d" relativeResultsDirectory="82cec41a-7732-4925-9516-c96a3574957c" />
    <UnitTestResult executionId="ca3194de-4cc1-4ddb-9db3-78bccde6e8a5" testId="706dcd38-631c-db75-83d2-ba0a4cf3287d" testName="HlslPerf.Core.Tests.RadixSortTests.PackedV1ValidatesPayloadAndRetainsOriginalBinaryEntryPoints(radix: 1)" computerName="EDWINYNG" duration="00:00:00.0001167" startTime="2026-09-15T13:13:42.0441764+08:00" endTime="2026-09-15T13:13:42.0443069+08:00" testType="13cdc9d9-ddb5-4fa4-a97d-d965ccfc6d4b" outcome="Passed" testListId="8c84fa94-04c1-424b-9868-57a2d4851a1d" relativeResultsDirectory="ca3194de-4cc1-4ddb-9db3-78bccde6e8a5" />
    <UnitTestResult executionId="eb8b746a-0611-4417-9c96-2cad18e0a957" testId="88977dfa-905c-1e5d-8268-0134a86f0cee" testName="HlslPerf.Core.Tests.PrimitiveOperationTests.DefaultsRemainInternalAndUnconfirmedRequestsFallBack" computerName="EDWINYNG" duration="00:00:00.0096148" startTime="2026-09-15T13:13:42.2630687+08:00" endTime="2026-09-15T13:13:42.2727082+08:00" testType="13cdc9d9-ddb5-4fa4-a97d-d965ccfc6d4b" outcome="Passed" testListId="8c84fa94-04c1-424b-9868-57a2d4851a1d" relativeResultsDirectory="eb8b746a-0611-4417-9c96-2cad18e0a957" />
    <UnitTestResult executionId="b765ea0c-7dc9-42b5-af1c-dee21e0778ec" testId="4d33cd98-ff76-ca90-9935-eb5470201b3b" testName="HlslPerf.Core.Tests.UnifiedOperationTests.BallotCandidateRetainsFullOperationAndHasDistinctShaderIdentity(count: 0)" computerName="EDWINYNG" duration="00:00:00.0000560" startTime="2026-09-15T13:13:42.5521710+08:00" endTime="2026-09-15T13:13:42.5522395+08:00" testType="13cdc9d9-ddb5-4fa4-a97d-d965ccfc6d4b" outcome="Passed" testListId="8c84fa94-04c1-424b-9868-57a2d4851a1d" relativeResultsDirectory="b765ea0c-7dc9-42b5-af1c-dee21e0778ec" />
    <UnitTestResult executionId="1ab7b39f-4057-4335-88e7-467a7be7a0b6" testId="c04a797e-ea37-a1df-ca47-d122919c8a75" testName="HlslPerf.Core.Tests.CrowdVfxWorkloadTests.MeasuredPressureManifestsExposeBoundedConditionalSearchSpace(level: &quot;extreme&quot;)" computerName="EDWINYNG" duration="00:00:00.0006202" startTime="2026-09-15T13:13:42.0376407+08:00" endTime="2026-09-15T13:13:42.0382771+08:00" testType="13cdc9d9-ddb5-4fa4-a97d-d965ccfc6d4b" outcome="Passed" testListId="8c84fa94-04c1-424b-9868-57a2d4851a1d" relativeResultsDirectory="1ab7b39f-4057-4335-88e7-467a7be7a0b6" />
    <UnitTestResult executionId="80a8124d-26c2-4be5-95b6-5e27e54d48c5" testId="66a90f0c-aa10-b383-c9e1-d56d88f1c3c0" testName="HlslPerf.Core.Tests.RadixTileTests.StableTileModelMatchesIndependentComparisonSort(radix: 4, pairs: True)" computerName="EDWINYNG" duration="00:00:00.1209674" startTime="2026-09-15T13:13:42.2721580+08:00" endTime="2026-09-15T13:13:42.3931714+08:00" testType="13cdc9d9-ddb5-4fa4-a97d-d965ccfc6d4b" outcome="Passed" testListId="8c84fa94-04c1-424b-9868-57a2d4851a1d" relativeResultsDirectory="80a8124d-26c2-4be5-95b6-5e27e54d48c5" />
    <UnitTestResult executionId="b1aa34df-2042-499c-8dbd-f2c92f22a18e" testId="12112118-4a85-2f00-bc3b-87fdb6e4ccd3" testName="HlslPerf.Core.Tests.RadixSortTests.InvalidDimensionsFailBeforeAllocation(count: 10, bits: 33, pairs: False)" computerName="EDWINYNG" duration="00:00:00.0017330" startTime="2026-09-15T13:13:42.0393696+08:00" endTime="2026-09-15T13:13:42.0411271+08:00" testType="13cdc9d9-ddb5-4fa4-a97d-d965ccfc6d4b" outcome="Passed" testListId="8c84fa94-04c1-424b-9868-57a2d4851a1d" relativeResultsDirectory="b1aa34df-2042-499c-8dbd-f2c92f22a18e" />
    <UnitTestResult executionId="177183dd-bc5d-4ea2-b7e6-2916c9f93657" testId="7b578a0a-bb60-d68c-4374-7b3b653400fe" testName="HlslPerf.Core.Tests.WaveTiledScanTests.UnsupportedConfigurationsAreRejectedBeforeDispatch(name: &quot;HLSLPERF_SCAN_WAVE_TILED&quot;, value: 2)" computerName="EDWINYNG" duration="00:00:00.0000693" startTime="2026-09-15T13:13:41.9437704+08:00" endTime="2026-09-15T13:13:41.9438580+08:00" testType="13cdc9d9-ddb5-4fa4-a97d-d965ccfc6d4b" outcome="Passed" testListId="8c84fa94-04c1-424b-9868-57a2d4851a1d" relativeResultsDirectory="177183dd-bc5d-4ea2-b7e6-2916c9f93657" />
    <UnitTestResult executionId="4a31d68f-8a22-4c45-8c2d-a7ee13a389c4" testId="cac3f6d2-4cb9-3666-3383-89aeb3af4095" testName="HlslPerf.Core.Tests.RadixTileTests.ChunkAndBinPrefixesEqualFlatExclusiveHistogramScan(tiles: 511)" computerName="EDWINYNG" duration="00:00:00.0175501" startTime="2026-09-15T13:13:42.6095713+08:00" endTime="2026-09-15T13:13:42.6271648+08:00" testType="13cdc9d9-ddb5-4fa4-a97d-d965ccfc6d4b" outcome="Passed" testListId="8c84fa94-04c1-424b-9868-57a2d4851a1d" relativeResultsDirectory="4a31d68f-8a22-4c45-8c2d-a7ee13a389c4" />
    <UnitTestResult executionId="6d00bbd9-ce75-4231-9f8e-a0a70e7280c1" testId="1a9cb8a4-89aa-3e1f-be3f-bcfd3cee2b2e" testName="HlslPerf.Core.Tests.PrimitiveOperationTests.WaveTiledSdkKeepsIndependentInclusiveAndExclusiveOracles(count: 1)" computerName="EDWINYNG" duration="00:00:00.0050021" startTime="2026-09-15T13:13:42.3065914+08:00" endTime="2026-09-15T13:13:42.3116326+08:00" testType="13cdc9d9-ddb5-4fa4-a97d-d965ccfc6d4b" outcome="Passed" testListId="8c84fa94-04c1-424b-9868-57a2d4851a1d" relativeResultsDirectory="6d00bbd9-ce75-4231-9f8e-a0a70e7280c1" />
    <UnitTestResult executionId="cbee892b-4892-4893-91ec-560f41dced6e" testId="a2eba9f8-5ced-a29e-e2a0-ded1d6d11cad" testName="HlslPerf.Core.Tests.PrimitiveOperationTests.EmptyInputAndPayloadsHaveDeterministicSentinelsAndNoDispatch" computerName="EDWINYNG" duration="00:00:00.0006782" startTime="2026-09-15T13:13:42.3985067+08:00" endTime="2026-09-15T13:13:42.3992079+08:00" testType="13cdc9d9-ddb5-4fa4-a97d-d965ccfc6d4b" outcome="Passed" testListId="8c84fa94-04c1-424b-9868-57a2d4851a1d" relativeResultsDirectory="cbee892b-4892-4893-91ec-560f41dced6e" />
    <UnitTestResult executionId="8c6fddd0-7c6f-4c84-9dde-89f98fb5d55d" testId="d6ba4d21-09a8-5fb4-1838-4280d18eceb3" testName="HlslPerf.Core.Tests.PrimitiveOperationTests.WaveTiledSdkKeepsIndependentInclusiveAndExclusiveOracles(count: 4097)" computerName="EDWINYNG" duration="00:00:00.0134119" startTime="2026-09-15T13:13:42.2887939+08:00" endTime="2026-09-15T13:13:42.3022484+08:00" testType="13cdc9d9-ddb5-4fa4-a97d-d965ccfc6d4b" outcome="Passed" testListId="8c84fa94-04c1-424b-9868-57a2d4851a1d" relativeResultsDirectory="8c6fddd0-7c6f-4c84-9dde-89f98fb5d55d" />
    <UnitTestResult executionId="8ed080a1-3bfc-4be2-8728-55ed1865f535" testId="3be34e59-4557-e011-54a2-7239a748555c" testName="HlslPerf.Core.Tests.PrimitiveOperationTests.WaveTiledSdkKeepsIndependentInclusiveAndExclusiveOracles(count: 4095)" computerName="EDWINYNG" duration="00:00:00.0090839" startTime="2026-09-15T13:13:42.3614613+08:00" endTime="2026-09-15T13:13:42.3705968+08:00" testType="13cdc9d9-ddb5-4fa4-a97d-d965ccfc6d4b" outcome="Passed" testListId="8c84fa94-04c1-424b-9868-57a2d4851a1d" relativeResultsDirectory="8ed080a1-3bfc-4be2-8728-55ed1865f535" />
    <UnitTestResult executionId="3943a658-d403-4a04-9e0e-2a6492eb51bf" testId="aab34686-189a-c6a6-290a-2abf0e9a8af1" testName="HlslPerf.Core.Tests.RadixTileTests.PlansHaveFourStagesPerDigitAndOnlyRequiredRecordBuffers(pairs: False, v2: True)" computerName="EDWINYNG" duration="00:00:00.0057350" startTime="2026-09-15T13:13:42.6284700+08:00" endTime="2026-09-15T13:13:42.6342372+08:00" testType="13cdc9d9-ddb5-4fa4-a97d-d965ccfc6d4b" outcome="Passed" testListId="8c84fa94-04c1-424b-9868-57a2d4851a1d" relativeResultsDirectory="3943a658-d403-4a04-9e0e-2a6492eb51bf" />
    <UnitTestResult executionId="e16f6dc7-b8e5-4271-9889-1f17efe8eaab" testId="dccf1474-a568-190a-6d28-ad90f5781202" testName="HlslPerf.Core.Tests.CrowdVfxWorkloadTests.MeasuredPressureManifestsExposeBoundedConditionalSearchSpace(level: &quot;low&quot;)" computerName="EDWINYNG" duration="00:00:00.0005429" startTime="2026-09-15T13:13:42.0383918+08:00" endTime="2026-09-15T13:13:42.0389529+08:00" testType="13cdc9d9-ddb5-4fa4-a97d-d965ccfc6d4b" outcome="Passed" testListId="8c84fa94-04c1-424b-9868-57a2d4851a1d" relativeResultsDirectory="e16f6dc7-b8e5-4271-9889-1f17efe8eaab" />
    <UnitTestResult executionId="af3dde24-caa9-4de2-804b-8fe3aaf7036e" testId="ddb8b182-94f7-4f7a-104d-cd116ebf860a" testName="HlslPerf.Core.Tests.RadixSortTests.AllDigitsAgreeOnStableOracleAndSplitOutputs(count: 129, bits: 31)" computerName="EDWINYNG" duration="00:00:00.0204904" startTime="2026-09-15T13:13:41.9900327+08:00" endTime="2026-09-15T13:13:42.0105758+08:00" testType="13cdc9d9-ddb5-4fa4-a97d-d965ccfc6d4b" outcome="Passed" testListId="8c84fa94-04c1-424b-9868-57a2d4851a1d" relativeResultsDirectory="af3dde24-caa9-4de2-804b-8fe3aaf7036e" />
    <UnitTestResult executionId="43d878db-1916-4413-902e-4c07536ab540" testId="ff8d1ca5-da7a-2ea4-203e-96a86740977b" testName="HlslPerf.Core.Tests.RadixSortTests.PackedV1ValidatesPayloadAndRetainsOriginalBinaryEntryPoints(radix: 4)" computerName="EDWINYNG" duration="00:00:00.0006330" startTime="2026-09-15T13:13:42.0429463+08:00" endTime="2026-09-15T13:13:42.0435954+08:00" testType="13cdc9d9-ddb5-4fa4-a97d-d965ccfc6d4b" outcome="Passed" testListId="8c84fa94-04c1-424b-9868-57a2d4851a1d" relativeResultsDirectory="43d878db-1916-4413-902e-4c07536ab540" />
    <UnitTestResult executionId="f4871406-98fc-45f1-ad07-bf6b594d83c3" testId="d1edf65b-1ae6-d84b-a940-1bf12f84885e" testName="HlslPerf.Core.Tests.WaveTiledScanTests.UnsupportedConfigurationsAreRejectedBeforeDispatch(name: &quot;HLSLPERF_GROUP_SIZE&quot;, value: 96)" computerName="EDWINYNG" duration="00:00:00.0000460" startTime="2026-09-15T13:13:41.9432502+08:00" endTime="2026-09-15T13:13:41.9433103+08:00" testType="13cdc9d9-ddb5-4fa4-a97d-d965ccfc6d4b" outcome="Passed" testListId="8c84fa94-04c1-424b-9868-57a2d4851a1d" relativeResultsDirectory="f4871406-98fc-45f1-ad07-bf6b594d83c3" />
    <UnitTestResult executionId="67f7cfeb-ee4c-4114-8c99-7be414742104" testId="f3b0f11b-8d64-8874-af8e-c8b0be5320fe" testName="HlslPerf.Core.Tests.RadixTileTests.InvalidTileConfigurationFailsBeforeOracleAllocation(define: &quot;HLSLPERF_RADIX_TILE&quot;, value: 2)" computerName="EDWINYNG" duration="00:00:00.0000243" startTime="2026-09-15T13:13:42.5165597+08:00" endTime="2026-09-15T13:13:42.5165952+08:00" testType="13cdc9d9-ddb5-4fa4-a97d-d965ccfc6d4b" outcome="Passed" testListId="8c84fa94-04c1-424b-9868-57a2d4851a1d" relativeResultsDirectory="67f7cfeb-ee4c-4114-8c99-7be414742104" />
    <UnitTestResult executionId="8d7fdb64-fed1-453a-8951-c8c51d664632" testId="f8aefa7a-0445-567e-9e9d-fdcfc6a06cf7" testName="HlslPerf.Core.Tests.TuningLogicTests.ReportWriterRevalidatesSelectedCandidateBeforeEmittingProfile" computerName="EDWINYNG" duration="00:00:00.0001073" startTime="2026-09-15T13:13:42.0357877+08:00" endTime="2026-09-15T13:13:42.0359122+08:00" testType="13cdc9d9-ddb5-4fa4-a97d-d965ccfc6d4b" outcome="Passed" testListId="8c84fa94-04c1-424b-9868-57a2d4851a1d" relativeResultsDirectory="8d7fdb64-fed1-453a-8951-c8c51d664632" />
    <UnitTestResult executionId="0a9bcaa2-bdd6-4577-89c5-7a1efdfb9a49" testId="f4af2868-a608-626c-e274-455435a0f5a1" testName="HlslPerf.Core.Tests.PrimitiveOperationTests.UnavailableOrInvalidPinnedSourceFallsBack(failure: &quot;sources-object&quot;)" computerName="EDWINYNG" duration="00:00:00.0163877" startTime="2026-09-15T13:13:42.2295499+08:00" endTime="2026-09-15T13:13:42.2459848+08:00" testType="13cdc9d9-ddb5-4fa4-a97d-d965ccfc6d4b" outcome="Passed" testListId="8c84fa94-04c1-424b-9868-57a2d4851a1d" relativeResultsDirectory="0a9bcaa2-bdd6-4577-89c5-7a1efdfb9a49" />
    <UnitTestResult executionId="b78ba602-4237-466c-b4bd-a71f9332f428" testId="1b82a8f9-276f-29a1-2570-9d563b8c6461" testName="HlslPerf.Core.Tests.WaveTiledScanTests.OptInKeepsFullOutputContractAndBindsCompleteReset(compaction: False, wave: 32, count: 8193)" computerName="EDWINYNG" duration="00:00:00.0001095" startTime="2026-09-15T13:13:41.9738638+08:00" endTime="2026-09-15T13:13:41.9739812+08:00" testType="13cdc9d9-ddb5-4fa4-a97d-d965ccfc6d4b" outcome="Passed" testListId="8c84fa94-04c1-424b-9868-57a2d4851a1d" relativeResultsDirectory="b78ba602-4237-466c-b4bd-a71f9332f428" />
    <UnitTestResult executionId="a35df2d6-3df2-492d-b1e1-0feca29e2051" testId="aef9096e-da00-d0a5-d1d9-405ecda0f358" testName="HlslPerf.Core.Tests.CrowdVfxWorkloadTests.ProviderExportsStandaloneCrowdWorkload" computerName="EDWINYNG" duration="00:00:00.0023866" startTime="2026-09-15T13:13:42.0391770+08:00" endTime="2026-09-15T13:13:42.0415807+08:00" testType="13cdc9d9-ddb5-4fa4-a97d-d965ccfc6d4b" outcome="Passed" testListId="8c84fa94-04c1-424b-9868-57a2d4851a1d" relativeResultsDirectory="a35df2d6-3df2-492d-b1e1-0feca29e2051" />
    <UnitTestResult executionId="0a8ebb4f-9515-4f2f-bb2e-35ea175220da" testId="1520ff6c-15cd-3c7f-8228-71ea1734238f" testName="HlslPerf.Core.Tests.WorkloadCatalogTests.CatalogRejectsDuplicateIdsAcrossProviders" computerName="EDWINYNG" duration="00:00:00.0123762" startTime="2026-09-15T13:13:41.9506142+08:00" endTime="2026-09-15T13:13:41.9630317+08:00" testType="13cdc9d9-ddb5-4fa4-a97d-d965ccfc6d4b" outcome="Passed" testListId="8c84fa94-04c1-424b-9868-57a2d4851a1d" relativeResultsDirectory="0a8ebb4f-9515-4f2f-bb2e-35ea175220da" />
    <UnitTestResult executionId="88dc2b55-86ca-46bd-9052-9855620e4f41" testId="603906cb-7cb9-eaaf-1376-89c2b0215d35" testName="HlslPerf.Core.Tests.RadixSortTests.PackedV1ValidatesPayloadAndRetainsOriginalBinaryEntryPoints(radix: 8)" computerName="EDWINYNG" duration="00:00:00.0002407" startTime="2026-09-15T13:13:42.0436945+08:00" endTime="2026-09-15T13:13:42.0439479+08:00" testType="13cdc9d9-ddb5-4fa4-a97d-d965ccfc6d4b" outcome="Passed" testListId="8c84fa94-04c1-424b-9868-57a2d4851a1d" relativeResultsDirectory="88dc2b55-86ca-46bd-9052-9855620e4f41" />
    <UnitTestResult executionId="9b086b8b-a72c-4a6e-901e-a21a68596497" testId="b09e71b3-d642-57c9-a612-c4cb00e0f76d" testName="HlslPerf.Core.Tests.RadixSortTests.LargePlanAccountsForScratchAndTwoDimensionalDispatch" computerName="EDWINYNG" duration="00:00:00.0266463" startTime="2026-09-15T13:13:42.0121692+08:00" endTime="2026-09-15T13:13:42.0388426+08:00" testType="13cdc9d9-ddb5-4fa4-a97d-d965ccfc6d4b" outcome="Passed" testListId="8c84fa94-04c1-424b-9868-57a2d4851a1d" relativeResultsDirectory="9b086b8b-a72c-4a6e-901e-a21a68596497" />
    <UnitTestResult executionId="e185a69e-4606-482a-a3b4-c27714e7b1be" testId="eda30c6b-3b97-26e3-85c0-2516393610b4" testName="HlslPerf.Core.Tests.HlslSourceGraphTests.CyclicIncludesAreRejected" computerName="EDWINYNG" duration="00:00:00.0170387" startTime="2026-09-15T13:13:41.9169285+08:00" endTime="2026-09-15T13:13:41.9390377+08:00" testType="13cdc9d9-ddb5-4fa4-a97d-d965ccfc6d4b" outcome="Passed" testListId="8c84fa94-04c1-424b-9868-57a2d4851a1d" relativeResultsDirectory="e185a69e-4606-482a-a3b4-c27714e7b1be" />
    <UnitTestResult executionId="4d40ea89-ab7e-478f-877e-0baa9a1c9d0c" testId="5485243c-ecb8-f4f7-cd9c-a9d1460b50b5" testName="HlslPerf.Core.Tests.WaveTiledScanTests.UnsupportedConfigurationsAreRejectedBeforeDispatch(name: &quot;HLSLPERF_SINGLE_PASS_ITEMS_SCALE&quot;, value: 17)" computerName="EDWINYNG" duration="00:00:00.0000411" startTime="2026-09-15T13:13:41.9497878+08:00" endTime="2026-09-15T13:13:41.9498390+08:00" testType="13cdc9d9-ddb5-4fa4-a97d-d965ccfc6d4b" outcome="Passed" testListId="8c84fa94-04c1-424b-9868-57a2d4851a1d" relativeResultsDirectory="4d40ea89-ab7e-478f-877e-0baa9a1c9d0c" />
    <UnitTestResult executionId="80965382-b3a9-45ac-b440-3cb337ca5de2" testId="534284ae-9aaa-1d08-6d59-c2f46fd99e83" testName="HlslPerf.Core.Tests.WaveTiledScanTests.OptInKeepsFullOutputContractAndBindsCompleteReset(compaction: True, wave: 64, count: 4095)" computerName="EDWINYNG" duration="00:00:00.0000783" startTime="2026-09-15T13:13:41.9740481+08:00" endTime="2026-09-15T13:13:41.9741349+08:00" testType="13cdc9d9-ddb5-4fa4-a97d-d965ccfc6d4b" outcome="Passed" testListId="8c84fa94-04c1-424b-9868-57a2d4851a1d" relativeResultsDirectory="80965382-b3a9-45ac-b440-3cb337ca5de2" />
    <UnitTestResult executionId="963dfc8a-6d3f-434b-b10d-dc771aeff62a" testId="fd008c33-1773-37c3-60d2-97b08bdc4dca" testName="HlslPerf.Core.Tests.WaveTiledScanTests.UnsupportedConfigurationsAreRejectedBeforeDispatch(name: &quot;HLSLPERF_GROUP_SIZE&quot;, value: 16)" computerName="EDWINYNG" duration="00:00:00.0000371" startTime="2026-09-15T13:13:41.9500935+08:00" endTime="2026-09-15T13:13:41.9501410+08:00" testType="13cdc9d9-ddb5-4fa4-a97d-d965ccfc6d4b" outcome="Passed" testListId="8c84fa94-04c1-424b-9868-57a2d4851a1d" relativeResultsDirectory="963dfc8a-6d3f-434b-b10d-dc771aeff62a" />
    <UnitTestResult executionId="2165b538-e44d-49c8-99a4-3d0497175e37" testId="7cb257ea-a0c5-058d-26b1-832052501bf9" testName="HlslPerf.Core.Tests.PairedProfileTests.UnrelatedFailedCandidateRemainsVisibleWithoutBlockingConfirmedWinner" computerName="EDWINYNG" duration="00:00:00.0029878" startTime="2026-09-15T13:13:42.0428872+08:00" endTime="2026-09-15T13:13:42.0458959+08:00" testType="13cdc9d9-ddb5-4fa4-a97d-d965ccfc6d4b" outcome="Passed" testListId="8c84fa94-04c1-424b-9868-57a2d4851a1d" relativeResultsDirectory="2165b538-e44d-49c8-99a4-3d0497175e37" />
    <UnitTestResult executionId="0669819f-3698-4119-88b7-7550e7aba577" testId="137379e6-4090-697d-94b1-f45260201447" testName="HlslPerf.Core.Tests.PrimitiveOperationTests.WaveTiledSdkKeepsIndependentInclusiveAndExclusiveOracles(count: 1048583)" computerName="EDWINYNG" duration="00:00:00.0485947" startTime="2026-09-15T13:13:42.3119647+08:00" endTime="2026-09-15T13:13:42.3606087+08:00" testType="13cdc9d9-ddb5-4fa4-a97d-d965ccfc6d4b" outcome="Passed" testListId="8c84fa94-04c1-424b-9868-57a2d4851a1d" relativeResultsDirectory="0669819f-3698-4119-88b7-7550e7aba577" />
    <UnitTestResult executionId="1a97fb6e-1948-4491-b1eb-5c8213fff2f9" testId="d273516c-bac9-2180-18d0-b5badecb1f00" testName="HlslPerf.Core.Tests.RadixSortTests.DuplicatePayloadSwapChangesOracleHashEvenWhenSortedKeysMatch" computerName="EDWINYNG" duration="00:00:00.0004672" startTime="2026-09-15T13:13:42.0420509+08:00" endTime="2026-09-15T13:13:42.0425349+08:00" testType="13cdc9d9-ddb5-4fa4-a97d-d965ccfc6d4b" outcome="Passed" testListId="8c84fa94-04c1-424b-9868-57a2d4851a1d" relativeResultsDirectory="1a97fb6e-1948-4491-b1eb-5c8213fff2f9" />
    <UnitTestResult executionId="4ef5baa8-307e-428b-93fe-13d431975fc9" testId="11adcf05-841d-ab16-c7c8-4d4f0bd6cca5" testName="HlslPerf.Core.Tests.WorkloadScenarioTests.RootConstantSeedIsActualInputEvenWithoutUploadedBuffers" computerName="EDWINYNG" duration="00:00:00.0099500" startTime="2026-09-15T13:13:42.0265453+08:00" endTime="2026-09-15T13:13:42.0365212+08:00" testType="13cdc9d9-ddb5-4fa4-a97d-d965ccfc6d4b" outcome="Passed" testListId="8c84fa94-04c1-424b-9868-57a2d4851a1d" relativeResultsDirectory="4ef5baa8-307e-428b-93fe-13d431975fc9" />
    <UnitTestResult executionId="82e9258f-3706-481c-bdad-736cd02186b5" testId="8de741ed-ce21-780b-6ab9-5e989b167c10" testName="HlslPerf.Core.Tests.RadixSortTests.AllDigitsAgreeOnStableOracleAndSplitOutputs(count: 4097, bits: 32)" computerName="EDWINYNG" duration="00:00:00.0349594" startTime="2026-09-15T13:13:41.9546723+08:00" endTime="2026-09-15T13:13:41.9896800+08:00" testType="13cdc9d9-ddb5-4fa4-a97d-d965ccfc6d4b" outcome="Passed" testListId="8c84fa94-04c1-424b-9868-57a2d4851a1d" relativeResultsDirectory="82e9258f-3706-481c-bdad-736cd02186b5" />
    <UnitTestResult executionId="23f52643-266a-43a8-9c30-a77abda3acce" testId="a55471c2-d102-0fb7-d733-a99001f03c76" testName="HlslPerf.Core.Tests.TuningLogicTests.WritingNonDeployableRunRemovesStaleProfile" computerName="EDWINYNG" duration="00:00:00.0581499" startTime="2026-09-15T13:13:41.9712499+08:00" endTime="2026-09-15T13:13:42.0294232+08:00" testType="13cdc9d9-ddb5-4fa4-a97d-d965ccfc6d4b" outcome="Passed" testListId="8c84fa94-04c1-424b-9868-57a2d4851a1d" relativeResultsDirectory="23f52643-266a-43a8-9c30-a77abda3acce" />
    <UnitTestResult executionId="a8915736-4ea1-4072-a64e-5954de73d0c7" testId="d415ac1c-496f-10df-aa28-5c906bc101da" testName="HlslPerf.Core.Tests.RadixTileTests.ChunkAndBinPrefixesEqualFlatExclusiveHistogramScan(tiles: 513)" computerName="EDWINYNG" duration="00:00:00.0182399" startTime="2026-09-15T13:13:42.5902896+08:00" endTime="2026-09-15T13:13:42.6085849+08:00" testType="13cdc9d9-ddb5-4fa4-a97d-d965ccfc6d4b" outcome="Passed" testListId="8c84fa94-04c1-424b-9868-57a2d4851a1d" relativeResultsDirectory="a8915736-4ea1-4072-a64e-5954de73d0c7" />
    <UnitTestResult executionId="8f7c11e0-fe32-4b68-b420-b40db98f14eb" testId="8ecd8e8b-dea5-e5bb-eb23-e42f44852819" testName="HlslPerf.Core.Tests.RadixTileTests.InvalidTileConfigurationFailsBeforeOracleAllocation(define: &quot;HLSLPERF_VECTOR_WIDTH&quot;, value: 4)" computerName="EDWINYNG" duration="00:00:00.0000118" startTime="2026-09-15T13:13:42.5169154+08:00" endTime="2026-09-15T13:13:42.5169324+08:00" testType="13cdc9d9-ddb5-4fa4-a97d-d965ccfc6d4b" outcome="Passed" testListId="8c84fa94-04c1-424b-9868-57a2d4851a1d" relativeResultsDirectory="8f7c11e0-fe32-4b68-b420-b40db98f14eb" />
    <UnitTestResult executionId="a0237424-2ab1-4392-b675-3f133dd7ebb6" testId="cebc2438-f15e-b53f-1cb1-fcbdae9c0a96" testName="HlslPerf.Core.Tests.TuningLogicTests.ExpandAndResolveBaselineIncludeAlgorithmBackendAxis" computerName="EDWINYNG" duration="00:00:00.0004110" startTime="2026-09-15T13:13:42.0372078+08:00" endTime="2026-09-15T13:13:42.0376359+08:00" testType="13cdc9d9-ddb5-4fa4-a97d-d965ccfc6d4b" outcome="Passed" testListId="8c84fa94-04c1-424b-9868-57a2d4851a1d" relativeResultsDirectory="a0237424-2ab1-4392-b675-3f133dd7ebb6" />
    <UnitTestResult executionId="89b1c7bc-a9bb-4809-887b-c3e5dc18dcb1" testId="aa65dc4d-5abc-801b-ec1e-6ac62eb4614e" testName="HlslPerf.Core.Tests.UnifiedOperationTests.BallotCandidateRetainsFullOperationAndHasDistinctShaderIdentity(count: 1048576)" computerName="EDWINYNG" duration="00:00:00.5953931" startTime="2026-09-15T13:13:41.9557987+08:00" endTime="2026-09-15T13:13:42.5512214+08:00" testType="13cdc9d9-ddb5-4fa4-a97d-d965ccfc6d4b" outcome="Passed" testListId="8c84fa94-04c1-424b-9868-57a2d4851a1d" relativeResultsDirectory="89b1c7bc-a9bb-4809-887b-c3e5dc18dcb1" />
    <UnitTestResult executionId="054a0162-90ff-40a5-bcb6-7871d8afd95c" testId="b5e93bb4-2079-8a25-da1e-a591be82be34" testName="HlslPerf.Core.Tests.DynamicPlanTests.RejectsInvalidOrOverflowingCountRange(offset: 3)" computerName="EDWINYNG" duration="00:00:00.0000723" startTime="2026-09-15T13:13:41.9521710+08:00" endTime="2026-09-15T13:13:41.9522545+08:00" testType="13cdc9d9-ddb5-4fa4-a97d-d965ccfc6d4b" outcome="Passed" testListId="8c84fa94-04c1-424b-9868-57a2d4851a1d" relativeResultsDirectory="054a0162-90ff-40a5-bcb6-7871d8afd95c" />
    <UnitTestResult executionId="dd97b282-986c-4fd6-af1e-d9313f951456" testId="d4c7f3c5-0b29-3176-365b-6f25da56afce" testName="HlslPerf.Core.Tests.RadixTileTests.InvalidTileConfigurationFailsBeforeOracleAllocation(define: &quot;HLSLPERF_SCAN_BACKEND&quot;, value: 1)" computerName="EDWINYNG" duration="00:00:00.0000122" startTime="2026-09-15T13:13:42.5168547+08:00" endTime="2026-09-15T13:13:42.5168719+08:00" testType="13cdc9d9-ddb5-4fa4-a97d-d965ccfc6d4b" outcome="Passed" testListId="8c84fa94-04c1-424b-9868-57a2d4851a1d" relativeResultsDirectory="dd97b282-986c-4fd6-af1e-d9313f951456" />
    <UnitTestResult executionId="70009857-3e69-4236-a4bf-2519c6db90da" testId="4266e8a0-8a49-54a4-e9b4-3775c024e3ef" testName="HlslPerf.Core.Tests.WaveTiledScanTests.UnsupportedConfigurationsAreRejectedBeforeDispatch(name: &quot;HLSLPERF_SCAN_OPERATOR&quot;, value: 2)" computerName="EDWINYNG" duration="00:00:00.0000388" startTime="2026-09-15T13:13:41.9504121+08:00" endTime="2026-09-15T13:13:41.9504632+08:00" testType="13cdc9d9-ddb5-4fa4-a97d-d965ccfc6d4b" outcome="Passed" testListId="8c84fa94-04c1-424b-9868-57a2d4851a1d" relativeResultsDirectory="70009857-3e69-4236-a4bf-2519c6db90da" />
    <UnitTestResult executionId="330e6145-c9ef-4735-9287-3f8ebb973806" testId="19ee99e9-cf65-7f6c-c2db-9c89303a82c6" testName="HlslPerf.Core.Tests.WaveTiledScanTests.OptInKeepsFullOutputContractAndBindsCompleteReset(compaction: False, wave: 32, count: 4096)" computerName="EDWINYNG" duration="00:00:00.0000808" startTime="2026-09-15T13:13:41.9743361+08:00" endTime="2026-09-15T13:13:41.9744243+08:00" testType="13cdc9d9-ddb5-4fa4-a97d-d965ccfc6d4b" outcome="Passed" testListId="8c84fa94-04c1-424b-9868-57a2d4851a1d" relativeResultsDirectory="330e6145-c9ef-4735-9287-3f8ebb973806" />
    <UnitTestResult executionId="0454ca14-987d-4ce1-82d3-a594f204936c" testId="5a8e5b9e-12f8-749f-a7fe-7992abe70a70" testName="HlslPerf.Core.Tests.WaveTiledScanTests.UnsupportedConfigurationsAreRejectedBeforeDispatch(name: &quot;HLSLPERF_SCAN_DIAGNOSTIC_COUNTERS&quot;, value: 1)" computerName="EDWINYNG" duration="00:00:00.0000475" startTime="2026-09-15T13:13:41.9430718+08:00" endTime="2026-09-15T13:13:41.9431329+08:00" testType="13cdc9d9-ddb5-4fa4-a97d-d965ccfc6d4b" outcome="Passed" testListId="8c84fa94-04c1-424b-9868-57a2d4851a1d" relativeResultsDirectory="0454ca14-987d-4ce1-82d3-a594f204936c" />
    <UnitTestResult executionId="9401bec3-e793-4df6-87c7-3c90c1856643" testId="7491482a-ccd4-efd4-c246-d0bb879c029b" testName="HlslPerf.Core.Tests.PairedProfileTests.HistoricalEvidenceCannotSilentlyBecomeConfirmed" computerName="EDWINYNG" duration="00:00:00.0020683" startTime="2026-09-15T13:13:42.0460674+08:00" endTime="2026-09-15T13:13:42.0481582+08:00" testType="13cdc9d9-ddb5-4fa4-a97d-d965ccfc6d4b" outcome="Passed" testListId="8c84fa94-04c1-424b-9868-57a2d4851a1d" relativeResultsDirectory="9401bec3-e793-4df6-87c7-3c90c1856643" />
    <UnitTestResult executionId="aab4784c-4f0c-4a12-bd82-be38678210e2" testId="452fc682-6260-9c85-96dd-64fe7249bd5a" testName="HlslPerf.Core.Tests.RadixSortTests.InvalidDimensionsFailBeforeAllocation(count: 268435456, bits: 32, pairs: True)" computerName="EDWINYNG" duration="00:00:00.0000248" startTime="2026-09-15T13:13:42.0414440+08:00" endTime="2026-09-15T13:13:42.0414888+08:00" testType="13cdc9d9-ddb5-4fa4-a97d-d965ccfc6d4b" outcome="Passed" testListId="8c84fa94-04c1-424b-9868-57a2d4851a1d" relativeResultsDirectory="aab4784c-4f0c-4a12-bd82-be38678210e2" />
    <UnitTestResult executionId="a968f661-275c-46f5-b71b-4e1150fb03ee" testId="31b16558-6b8a-7964-bbac-15c0afb90199" testName="HlslPerf.Core.Tests.RadixTileTests.LegacyBallotRestrictionsAreValidatedBeforeAllocation" computerName="EDWINYNG" duration="00:00:00.0002497" startTime="2026-09-15T13:13:42.6280047+08:00" endTime="2026-09-15T13:13:42.6282792+08:00" testType="13cdc9d9-ddb5-4fa4-a97d-d965ccfc6d4b" outcome="Passed" testListId="8c84fa94-04c1-424b-9868-57a2d4851a1d" relativeResultsDirectory="a968f661-275c-46f5-b71b-4e1150fb03ee" />
    <UnitTestResult executionId="b0bf1a1f-4e30-4be1-a691-df0580c085f2" testId="87bedf90-9fbb-8e31-6c89-0bf0f0c76b49" testName="HlslPerf.Core.Tests.UnifiedOperationTests.UpstreamScanHandlesVectorTailsThroughExplicitConsumerConversion(count: 1)" computerName="EDWINYNG" duration="00:00:00.0005793" startTime="2026-09-15T13:13:42.5523493+08:00" endTime="2026-09-15T13:13:42.5529440+08:00" testType="13cdc9d9-ddb5-4fa4-a97d-d965ccfc6d4b" outcome="Passed" testListId="8c84fa94-04c1-424b-9868-57a2d4851a1d" relativeResultsDirectory="b0bf1a1f-4e30-4be1-a691-df0580c085f2" />
    <UnitTestResult executionId="5385e256-8ede-4b3c-8905-403aa0db5dbb" testId="87629976-95e1-df94-8945-df433a7c5964" testName="HlslPerf.Core.Tests.PairedProtocolTests.CorruptedIdentityOrderAndInputDigestAreRejected" computerName="EDWINYNG" duration="00:00:00.0008343" startTime="2026-09-15T13:13:42.0416522+08:00" endTime="2026-09-15T13:13:42.0425038+08:00" testType="13cdc9d9-ddb5-4fa4-a97d-d965ccfc6d4b" outcome="Passed" testListId="8c84fa94-04c1-424b-9868-57a2d4851a1d" relativeResultsDirectory="5385e256-8ede-4b3c-8905-403aa0db5dbb" />
    <UnitTestResult executionId="d5818090-a572-4db6-8fdf-f520e40d5be5" testId="e0b2e197-3fb9-b0aa-a514-5ee92582f37b" testName="HlslPerf.Core.Tests.WorkloadPackTests.ScanBuildsHierarchyAndOffsetPropagation" computerName="EDWINYNG" duration="00:00:00.0011116" startTime="2026-09-15T13:13:41.9547019+08:00" endTime="2026-09-15T13:13:41.9558314+08:00" testType="13cdc9d9-ddb5-4fa4-a97d-d965ccfc6d4b" outcome="Passed" testListId="8c84fa94-04c1-424b-9868-57a2d4851a1d" relativeResultsDirectory="d5818090-a572-4db6-8fdf-f520e40d5be5" />
    <UnitTestResult executionId="379e12c2-20ed-43ca-846b-371fc5884f4e" testId="a4222b3c-432c-a7b7-c71c-99693195781e" testName="HlslPerf.Core.Tests.DynamicPlanTests.RejectsInvalidOrOverflowingArgumentRange(offset: 2)" computerName="EDWINYNG" duration="00:00:00.0000694" startTime="2026-09-15T13:13:41.9693526+08:00" endTime="2026-09-15T13:13:41.9694350+08:00" testType="13cdc9d9-ddb5-4fa4-a97d-d965ccfc6d4b" outcome="Passed" testListId="8c84fa94-04c1-424b-9868-57a2d4851a1d" relativeResultsDirectory="379e12c2-20ed-43ca-846b-371fc5884f4e" />
    <UnitTestResult executionId="82180d2c-cd25-4d0a-9df2-789819590bc6" testId="d562ca53-d6ff-41bf-7dd9-8b3448a181c3" testName="HlslPerf.Core.Tests.UnifiedOperationTests.UpstreamScanHandlesVectorTailsThroughExplicitConsumerConversion(count: 3073)" computerName="EDWINYNG" duration="00:00:00.0002037" startTime="2026-09-15T13:13:42.5530325+08:00" endTime="2026-09-15T13:13:42.5532515+08:00" testType="13cdc9d9-ddb5-4fa4-a97d-d965ccfc6d4b" outcome="Passed" testListId="8c84fa94-04c1-424b-9868-57a2d4851a1d" relativeResultsDirectory="82180d2c-cd25-4d0a-9df2-789819590bc6" />
    <UnitTestResult executionId="4c9178c8-4404-48bc-b260-88417d6cff46" testId="a2e317d9-27d8-8c61-67b7-6619a23538c2" testName="HlslPerf.Core.Tests.WaveTiledScanTests.OptInKeepsFullOutputContractAndBindsCompleteReset(compaction: True, wave: 32, count: 8193)" computerName="EDWINYNG" duration="00:00:00.0202314" startTime="2026-09-15T13:13:41.9511314+08:00" endTime="2026-09-15T13:13:41.9713814+08:00" testType="13cdc9d9-ddb5-4fa4-a97d-d965ccfc6d4b" outcome="Passed" testListId="8c84fa94-04c1-424b-9868-57a2d4851a1d" relativeResultsDirectory="4c9178c8-4404-48bc-b260-88417d6cff46" />
    <UnitTestResult executionId="965cf76d-2f9c-4ea2-8fa5-5e63e61b763c" testId="cd29909f-ee64-8bee-39ae-725c9ff2aa72" testName="HlslPerf.Core.Tests.WaveTiledScanTests.FixedWaveRequiresSupportedShaderModel" computerName="EDWINYNG" duration="00:00:00.0002763" startTime="2026-09-15T13:13:41.9506628+08:00" endTime="2026-09-15T13:13:41.9509573+08:00" testType="13cdc9d9-ddb5-4fa4-a97d-d965ccfc6d4b" outcome="Passed" testListId="8c84fa94-04c1-424b-9868-57a2d4851a1d" relativeResultsDirectory="965cf76d-2f9c-4ea2-8fa5-5e63e61b763c" />
    <UnitTestResult executionId="f2228da5-f9f7-48f9-a1af-2e853dc071da" testId="a803ad54-6d98-d7dd-f7cd-ef9415fcab72" testName="HlslPerf.Core.Tests.DynamicPlanTests.RejectsInvalidOrOverflowingCountRange(offset: -4)" computerName="EDWINYNG" duration="00:00:00.0295861" startTime="2026-09-15T13:13:41.9169262+08:00" endTime="2026-09-15T13:13:41.9515859+08:00" testType="13cdc9d9-ddb5-4fa4-a97d-d965ccfc6d4b" outcome="Passed" testListId="8c84fa94-04c1-424b-9868-57a2d4851a1d" relativeResultsDirectory="f2228da5-f9f7-48f9-a1af-2e853dc071da" />
    <UnitTestResult executionId="8386a697-7ce4-4934-9aae-5f7bb4b5abdd" testId="a7c7250f-c9e3-77f6-2b18-04763a8cca72" testName="HlslPerf.Core.Tests.PairedProtocolTests.DriftNoiseFailuresAndMissingRowsAreRetainedAndRejected" computerName="EDWINYNG" duration="00:00:00.0008646" startTime="2026-09-15T13:13:42.0439152+08:00" endTime="2026-09-15T13:13:42.0447970+08:00" testType="13cdc9d9-ddb5-4fa4-a97d-d965ccfc6d4b" outcome="Passed" testListId="8c84fa94-04c1-424b-9868-57a2d4851a1d" relativeResultsDirectory="8386a697-7ce4-4934-9aae-5f7bb4b5abdd" />
    <UnitTestResult executionId="a6d8840d-344b-4ea9-bbe2-2c0eac76688f" testId="1f2de48f-512e-f11b-8a4c-19944068199f" testName="HlslPerf.Core.Tests.TuningLogicTests.SummaryUsesMedianAndInterpolatedP95" computerName="EDWINYNG" duration="00:00:00.0021156" startTime="2026-09-15T13:13:42.0296479+08:00" endTime="2026-09-15T13:13:42.0317864+08:00" testType="13cdc9d9-ddb5-4fa4-a97d-d965ccfc6d4b" outcome="Passed" testListId="8c84fa94-04c1-424b-9868-57a2d4851a1d" relativeResultsDirectory="a6d8840d-344b-4ea9-bbe2-2c0eac76688f" />
    <UnitTestResult executionId="b7e723d1-f187-4df3-b421-d4060bcef87f" testId="23a040cd-0134-6607-f28d-101be3441bba" testName="HlslPerf.Core.Tests.CrowdVfxWorkloadTests.SmokeBaselineAndFusedPlansShareTheSameApplicationOracle" computerName="EDWINYNG" duration="00:00:00.1079679" startTime="2026-09-15T13:13:41.9169351+08:00" endTime="2026-09-15T13:13:42.0301272+08:00" testType="13cdc9d9-ddb5-4fa4-a97d-d965ccfc6d4b" outcome="Passed" testListId="8c84fa94-04c1-424b-9868-57a2d4851a1d" relativeResultsDirectory="b7e723d1-f187-4df3-b421-d4060bcef87f" />
    <UnitTestResult executionId="4f635c90-c024-4b1a-b2fe-3216538b180a" testId="a9f375bb-1f4c-a329-980b-a66d56eec4c5" testName="HlslPerf.Core.Tests.PairedProtocolTests.InterruptedCheckpointIsArchivedWithoutReusingSamplesAndRejectsIdentityDrift" computerName="EDWINYNG" duration="00:00:00.1077965" startTime="2026-09-15T13:13:41.9169366+08:00" endTime="2026-09-15T13:13:42.0298222+08:00" testType="13cdc9d9-ddb5-4fa4-a97d-d965ccfc6d4b" outcome="Passed" testListId="8c84fa94-04c1-424b-9868-57a2d4851a1d" relativeResultsDirectory="4f635c90-c024-4b1a-b2fe-3216538b180a" />
    <UnitTestResult executionId="65e50bcd-c4fe-4242-b6c1-750f486df0c8" testId="4e5cfe04-3726-a96b-e0c9-03d7619331ac" testName="HlslPerf.Core.Tests.RadixTileTests.StableTileModelMatchesIndependentComparisonSort(radix: 4, pairs: False)" computerName="EDWINYNG" duration="00:00:00.0831472" startTime="2026-09-15T13:13:42.1886862+08:00" endTime="2026-09-15T13:13:42.2718828+08:00" testType="13cdc9d9-ddb5-4fa4-a97d-d965ccfc6d4b" outcome="Passed" testListId="8c84fa94-04c1-424b-9868-57a2d4851a1d" relativeResultsDirectory="65e50bcd-c4fe-4242-b6c1-750f486df0c8" />
    <UnitTestResult executionId="cd20ce7d-c1af-4b88-a0ff-e71f63041edf" testId="f9136900-3f95-6a3b-89a6-1b9b5fce69f1" testName="HlslPerf.Core.Tests.PrimitiveOperationTests.UnavailableOrInvalidPinnedSourceFallsBack(failure: &quot;files-object&quot;)" computerName="EDWINYNG" duration="00:00:00.0236011" startTime="2026-09-15T13:13:42.1510296+08:00" endTime="2026-09-15T13:13:42.1746827+08:00" testType="13cdc9d9-ddb5-4fa4-a97d-d965ccfc6d4b" outcome="Passed" testListId="8c84fa94-04c1-424b-9868-57a2d4851a1d" relativeResultsDirectory="cd20ce7d-c1af-4b88-a0ff-e71f63041edf" />
    <UnitTestResult executionId="adc152cb-b9cb-46de-90f9-685282bb3623" testId="55baeec7-3d45-9b21-9b52-f701381ca645" testName="HlslPerf.Core.Tests.PrimitiveOperationTests.UnavailableOrInvalidPinnedSourceFallsBack(failure: &quot;missing-sources&quot;)" computerName="EDWINYNG" duration="00:00:00.0156612" startTime="2026-09-15T13:13:42.1947737+08:00" endTime="2026-09-15T13:13:42.2104799+08:00" testType="13cdc9d9-ddb5-4fa4-a97d-d965ccfc6d4b" outcome="Passed" testListId="8c84fa94-04c1-424b-9868-57a2d4851a1d" relativeResultsDirectory="adc152cb-b9cb-46de-90f9-685282bb3623" />
    <UnitTestResult executionId="e2b1c8e4-4e8c-409b-9430-d057ba79663f" testId="6a9083cd-4275-c646-6295-92e98bfdc53a" testName="HlslPerf.Core.Tests.RadixTileTests.ChunkAndBinPrefixesEqualFlatExclusiveHistogramScan(tiles: 512)" computerName="EDWINYNG" duration="00:00:00.0306460" startTime="2026-09-15T13:13:42.5170148+08:00" endTime="2026-09-15T13:13:42.5477004+08:00" testType="13cdc9d9-ddb5-4fa4-a97d-d965ccfc6d4b" outcome="Passed" testListId="8c84fa94-04c1-424b-9868-57a2d4851a1d" relativeResultsDirectory="e2b1c8e4-4e8c-409b-9430-d057ba79663f" />
    <UnitTestResult executionId="25782da0-335f-4e26-8154-97bcf8b5f873" testId="0fc93ebf-c383-e294-d8fb-1bf887ee26dd" testName="HlslPerf.Core.Tests.RadixTileTests.PlansHaveFourStagesPerDigitAndOnlyRequiredRecordBuffers(pairs: True, v2: True)" computerName="EDWINYNG" duration="00:00:00.0041950" startTime="2026-09-15T13:13:42.6404364+08:00" endTime="2026-09-15T13:13:42.6446596+08:00" testType="13cdc9d9-ddb5-4fa4-a97d-d965ccfc6d4b" outcome="Passed" testListId="8c84fa94-04c1-424b-9868-57a2d4851a1d" relativeResultsDirectory="25782da0-335f-4e26-8154-97bcf8b5f873" />
    <UnitTestResult executionId="1e0f0bf4-98c1-4104-8b3e-c3b7ad85dae2" testId="30a2342a-92fb-a5e4-4e3e-6be7718ecc7f" testName="HlslPerf.Core.Tests.RadixTileTests.InvalidTileConfigurationFailsBeforeOracleAllocation(define: &quot;HLSLPERF_GROUP_SIZE&quot;, value: 256)" computerName="EDWINYNG" duration="00:00:00.0000128" startTime="2026-09-15T13:13:42.5167920+08:00" endTime="2026-09-15T13:13:42.5168100+08:00" testType="13cdc9d9-ddb5-4fa4-a97d-d965ccfc6d4b" outcome="Passed" testListId="8c84fa94-04c1-424b-9868-57a2d4851a1d" relativeResultsDirectory="1e0f0bf4-98c1-4104-8b3e-c3b7ad85dae2" />
    <UnitTestResult executionId="796f4ec0-08a2-435d-ac85-942eece1666f" testId="c15ea289-5718-0754-440f-2fbf01e95aec" testName="HlslPerf.Core.Tests.PrimitiveOperationTests.UnavailableOrInvalidPinnedSourceFallsBack(failure: &quot;empty-files&quot;)" computerName="EDWINYNG" duration="00:00:00.0164154" startTime="2026-09-15T13:13:42.2461999+08:00" endTime="2026-09-15T13:13:42.2626622+08:00" testType="13cdc9d9-ddb5-4fa4-a97d-d965ccfc6d4b" outcome="Passed" testListId="8c84fa94-04c1-424b-9868-57a2d4851a1d" relativeResultsDirectory="796f4ec0-08a2-435d-ac85-942eece1666f" />
    <UnitTestResult executionId="f6a65422-3789-42c6-b7cc-276d84215d60" testId="041b2d6e-9a3c-5380-bca1-631c8f565642" testName="HlslPerf.Core.Tests.RadixTileTests.ChunkAndBinPrefixesEqualFlatExclusiveHistogramScan(tiles: 1025)" computerName="EDWINYNG" duration="00:00:00.0408221" startTime="2026-09-15T13:13:42.5485514+08:00" endTime="2026-09-15T13:13:42.5894320+08:00" testType="13cdc9d9-ddb5-4fa4-a97d-d965ccfc6d4b" outcome="Passed" testListId="8c84fa94-04c1-424b-9868-57a2d4851a1d" relativeResultsDirectory="f6a65422-3789-42c6-b7cc-276d84215d60" />
    <UnitTestResult executionId="bead6edb-df18-471f-8cb7-a225134afe4c" testId="a5f4a301-d0c1-1923-2418-a81d6456de69" testName="HlslPerf.Core.Tests.WorkloadScenarioTests.ProviderStagingArrayReuseCannotRewriteAnEarlierResidentSlot" computerName="EDWINYNG" duration="00:00:00.1015091" startTime="2026-09-15T13:13:41.9169372+08:00" endTime="2026-09-15T13:13:42.0237550+08:00" testType="13cdc9d9-ddb5-4fa4-a97d-d965ccfc6d4b" outcome="Passed" testListId="8c84fa94-04c1-424b-9868-57a2d4851a1d" relativeResultsDirectory="bead6edb-df18-471f-8cb7-a225134afe4c" />
    <UnitTestResult executionId="e2aab6b1-2016-4638-a63a-7d4a4d47d0ad" testId="9379d137-54df-b06b-0d63-dea584e36d05" testName="HlslPerf.Core.Tests.PrimitiveOperationTests.WaveTiledSdkKeepsIndependentInclusiveAndExclusiveOracles(count: 3)" computerName="EDWINYNG" duration="00:00:00.0039317" startTime="2026-09-15T13:13:42.3024438+08:00" endTime="2026-09-15T13:13:42.3064117+08:00" testType="13cdc9d9-ddb5-4fa4-a97d-d965ccfc6d4b" outcome="Passed" testListId="8c84fa94-04c1-424b-9868-57a2d4851a1d" relativeResultsDirectory="e2aab6b1-2016-4638-a63a-7d4a4d47d0ad" />
    <UnitTestResult executionId="737416a7-3ae8-4780-a042-21e8e53a8c53" testId="c474c7e9-158d-c503-2f47-3a925819629e" testName="HlslPerf.Core.Tests.WaveTiledScanTests.UnsupportedConfigurationsAreRejectedBeforeDispatch(name: &quot;HLSLPERF_WAVE_SIZE&quot;, value: 0)" computerName="EDWINYNG" duration="00:00:00.0000417" startTime="2026-09-15T13:13:41.9502491+08:00" endTime="2026-09-15T13:13:41.9503017+08:00" testType="13cdc9d9-ddb5-4fa4-a97d-d965ccfc6d4b" outcome="Passed" testListId="8c84fa94-04c1-424b-9868-57a2d4851a1d" relativeResultsDirectory="737416a7-3ae8-4780-a042-21e8e53a8c53" />
    <UnitTestResult executionId="66adc9ba-326d-4582-b7f4-72b27d02f34a" testId="0121713c-95e6-5326-5306-6996855e3ec8" testName="HlslPerf.Core.Tests.RadixTileTests.AddressAndDispatchLimitsCanBeCheckedWithoutAllocatingInputs" computerName="EDWINYNG" duration="00:00:00.0006521" startTime="2026-09-15T13:13:42.6486431+08:00" endTime="2026-09-15T13:13:42.6493121+08:00" testType="13cdc9d9-ddb5-4fa4-a97d-d965ccfc6d4b" outcome="Passed" testListId="8c84fa94-04c1-424b-9868-57a2d4851a1d" relativeResultsDirectory="66adc9ba-326d-4582-b7f4-72b27d02f34a" />
    <UnitTestResult executionId="7506f77f-43b8-455f-865c-a715795b97da" testId="e874dfbb-2874-e16a-2cf6-cd2b6d9820ba" testName="HlslPerf.Core.Tests.CrowdVfxWorkloadTests.MeasuredPressureManifestsExposeBoundedConditionalSearchSpace(level: &quot;medium&quot;)" computerName="EDWINYNG" duration="00:00:00.0013916" startTime="2026-09-15T13:13:42.0350076+08:00" endTime="2026-09-15T13:13:42.0364261+08:00" testType="13cdc9d9-ddb5-4fa4-a97d-d965ccfc6d4b" outcome="Passed" testListId="8c84fa94-04c1-424b-9868-57a2d4851a1d" relativeResultsDirectory="7506f77f-43b8-455f-865c-a715795b97da" />
    <UnitTestResult executionId="bba70188-9521-4e12-85d9-258618deb716" testId="af6c21ea-07e7-dcfb-cdae-edd033f7acf0" testName="HlslPerf.Core.Tests.WaveTiledScanTests.OptInKeepsFullOutputContractAndBindsCompleteReset(compaction: False, wave: 64, count: 4095)" computerName="EDWINYNG" duration="00:00:00.0001116" startTime="2026-09-15T13:13:41.9736648+08:00" endTime="2026-09-15T13:13:41.9737900+08:00" testType="13cdc9d9-ddb5-4fa4-a97d-d965ccfc6d4b" outcome="Passed" testListId="8c84fa94-04c1-424b-9868-57a2d4851a1d" relativeResultsDirectory="bba70188-9521-4e12-85d9-258618deb716" />
    <UnitTestResult executionId="20d38369-1bf9-4290-8184-1633f229f7f7" testId="1cbd6c75-a85e-2f63-3f5b-b3b00f970ead" testName="HlslPerf.Core.Tests.UnifiedOperationTests.BallotCandidateRetainsFullOperationAndHasDistinctShaderIdentity(count: 257)" computerName="EDWINYNG" duration="00:00:00.0005815" startTime="2026-09-15T13:13:42.5514857+08:00" endTime="2026-09-15T13:13:42.5520865+08:00" testType="13cdc9d9-ddb5-4fa4-a97d-d965ccfc6d4b" outcome="Passed" testListId="8c84fa94-04c1-424b-9868-57a2d4851a1d" relativeResultsDirectory="20d38369-1bf9-4290-8184-1633f229f7f7" />
    <UnitTestResult executionId="ba372b9a-e2cb-419d-a7bc-f3f0df5643c7" testId="37465ff3-b50f-842b-d412-58c85debb00f" testName="HlslPerf.Core.Tests.UnifiedOperationTests.UpstreamScanHandlesVectorTailsThroughExplicitConsumerConversion(count: 3071)" computerName="EDWINYNG" duration="00:00:00.0000763" startTime="2026-09-15T13:13:42.5533337+08:00" endTime="2026-09-15T13:13:42.5534232+08:00" testType="13cdc9d9-ddb5-4fa4-a97d-d965ccfc6d4b" outcome="Passed" testListId="8c84fa94-04c1-424b-9868-57a2d4851a1d" relativeResultsDirectory="ba372b9a-e2cb-419d-a7bc-f3f0df5643c7" />
    <UnitTestResult executionId="a068287c-15e4-4a50-b054-20fedc05195d" testId="0096cabc-ca07-83fc-9cb1-cd463a1df81d" testName="HlslPerf.Core.Tests.DynamicPlanTests.PreventsShaderWritesToExecutorOwnedArgumentsAndDuplicateOracles" computerName="EDWINYNG" duration="00:00:00.0009415" startTime="2026-09-15T13:13:41.9537102+08:00" endTime="2026-09-15T13:13:41.9546746+08:00" testType="13cdc9d9-ddb5-4fa4-a97d-d965ccfc6d4b" outcome="Passed" testListId="8c84fa94-04c1-424b-9868-57a2d4851a1d" relativeResultsDirectory="a068287c-15e4-4a50-b054-20fedc05195d" />
    <UnitTestResult executionId="3e1bd674-9b84-4687-b038-806c995f8fd7" testId="1f5e322c-668f-c405-d83d-79a91c278997" testName="HlslPerf.Core.Tests.TuningLogicTests.SchemaThreeConditionalAxesAvoidMeaninglessBackendProducts" computerName="EDWINYNG" duration="00:00:00.0010653" startTime="2026-09-15T13:13:41.9695363+08:00" endTime="2026-09-15T13:13:41.9706211+08:00" testType="13cdc9d9-ddb5-4fa4-a97d-d965ccfc6d4b" outcome="Passed" testListId="8c84fa94-04c1-424b-9868-57a2d4851a1d" relativeResultsDirectory="3e1bd674-9b84-4687-b038-806c995f8fd7" />
    <UnitTestResult executionId="26ebcdd0-c5df-4d2d-9ae9-59d4db4101a2" testId="626e00ab-f352-5705-c2c4-1dd0be99f690" testName="HlslPerf.Core.Tests.WorkloadScenarioTests.WorkloadThatIgnoresSeedCannotClaimChangingInputs" computerName="EDWINYNG" duration="00:00:00.0008728" startTime="2026-09-15T13:13:42.0366977+08:00" endTime="2026-09-15T13:13:42.0375882+08:00" testType="13cdc9d9-ddb5-4fa4-a97d-d965ccfc6d4b" outcome="Passed" testListId="8c84fa94-04c1-424b-9868-57a2d4851a1d" relativeResultsDirectory="26ebcdd0-c5df-4d2d-9ae9-59d4db4101a2" />
    <UnitTestResult executionId="6db9c50b-0507-42b2-8149-b1c2085ae74e" testId="95037a46-f0f7-14d4-a467-030cfee7e479" testName="HlslPerf.Core.Tests.RadixSortTests.AllDigitsAgreeOnStableOracleAndSplitOutputs(count: 1, bits: 5)" computerName="EDWINYNG" duration="00:00:00.0004248" startTime="2026-09-15T13:13:42.0114991+08:00" endTime="2026-09-15T13:13:42.0119636+08:00" testType="13cdc9d9-ddb5-4fa4-a97d-d965ccfc6d4b" outcome="Passed" testListId="8c84fa94-04c1-424b-9868-57a2d4851a1d" relativeResultsDirectory="6db9c50b-0507-42b2-8149-b1c2085ae74e" />
    <UnitTestResult executionId="15a938b1-89a1-41f5-9aa8-819a10e4adc4" testId="3052751a-b065-c8fc-b40b-2ad4cd893125" testName="HlslPerf.Core.Tests.WaveTiledScanTests.OptInKeepsFullOutputContractAndBindsCompleteReset(compaction: True, wave: 64, count: 4097)" computerName="EDWINYNG" duration="00:00:00.0000758" startTime="2026-09-15T13:13:41.9741934+08:00" endTime="2026-09-15T13:13:41.9742760+08:00" testType="13cdc9d9-ddb5-4fa4-a97d-d965ccfc6d4b" outcome="Passed" testListId="8c84fa94-04c1-424b-9868-57a2d4851a1d" relativeResultsDirectory="15a938b1-89a1-41f5-9aa8-819a10e4adc4" />
    <UnitTestResult executionId="e6e36520-7422-4d75-9854-5c4700eb9270" testId="a914e0c0-f457-a4af-eb37-c90f6c431713" testName="HlslPerf.Core.Tests.CausalScanTests.VectorIoChangesOnlyIoDefineAndShaderIdentity(count: 4097)" computerName="EDWINYNG" duration="00:00:00.0531128" startTime="2026-09-15T13:13:41.9169265+08:00" endTime="2026-09-15T13:13:41.9751338+08:00" testType="13cdc9d9-ddb5-4fa4-a97d-d965ccfc6d4b" outcome="Passed" testListId="8c84fa94-04c1-424b-9868-57a2d4851a1d" relativeResultsDirectory="e6e36520-7422-4d75-9854-5c4700eb9270" />
    <UnitTestResult executionId="57f9bf1a-7373-4555-82f4-8d01217e6fe4" testId="7a835f27-44a7-581c-f6fe-47d22c806034" testName="HlslPerf.Core.Tests.DynamicPlanTests.RequiresExplicitProducerAndRejectsCycles" computerName="EDWINYNG" duration="00:00:00.0007354" startTime="2026-09-15T13:13:41.9695812+08:00" endTime="2026-09-15T13:13:41.9703375+08:00" testType="13cdc9d9-ddb5-4fa4-a97d-d965ccfc6d4b" outcome="Passed" testListId="8c84fa94-04c1-424b-9868-57a2d4851a1d" relativeResultsDirectory="57f9bf1a-7373-4555-82f4-8d01217e6fe4" />
    <UnitTestResult executionId="14d55924-be6b-4a45-8d4d-888f1bf8abd0" testId="d9f4e678-fd5c-e98d-ed2c-edf568365068" testName="HlslPerf.Core.Tests.WorkloadScenarioTests.RotatingSeedsChangeRealInputAndCpuOracleAndReplayExactly" computerName="EDWINYNG" duration="00:00:00.0033425" startTime="2026-09-15T13:13:42.0377263+08:00" endTime="2026-09-15T13:13:42.0410892+08:00" testType="13cdc9d9-ddb5-4fa4-a97d-d965ccfc6d4b" outcome="Passed" testListId="8c84fa94-04c1-424b-9868-57a2d4851a1d" relativeResultsDirectory="14d55924-be6b-4a45-8d4d-888f1bf8abd0" />
    <UnitTestResult executionId="2f20e172-0f8a-4795-8132-4904ec1e611a" testId="20b6c9ee-c7a6-10d2-7070-065f17fdec65" testName="HlslPerf.Core.Tests.RadixTileTests.NativeContractPreservesTwoToThe28PairsWithoutRelaxingManagedBufferAbi" computerName="EDWINYNG" duration="00:00:00.0006421" startTime="2026-09-15T13:13:42.6471969+08:00" endTime="2026-09-15T13:13:42.6478541+08:00" testType="13cdc9d9-ddb5-4fa4-a97d-d965ccfc6d4b" outcome="Passed" testListId="8c84fa94-04c1-424b-9868-57a2d4851a1d" relativeResultsDirectory="2f20e172-0f8a-4795-8132-4904ec1e611a" />
    <UnitTestResult executionId="c6929008-3ae6-428d-8ed6-139cd1abf605" testId="d78a8d69-cb7a-b491-c4bd-b926d06059f3" testName="HlslPerf.Core.Tests.WorkloadCatalogTests.DirectoryDiscoveryIgnoresManagedAssembliesWithoutProviders" computerName="EDWINYNG" duration="00:00:00.0180358" startTime="2026-09-15T13:13:41.9169324+08:00" endTime="2026-09-15T13:13:41.9399642+08:00" testType="13cdc9d9-ddb5-4fa4-a97d-d965ccfc6d4b" outcome="Passed" testListId="8c84fa94-04c1-424b-9868-57a2d4851a1d" relativeResultsDirectory="c6929008-3ae6-428d-8ed6-139cd1abf605" />
    <UnitTestResult executionId="73ac4434-bbfc-4276-bb70-2100a0191e72" testId="b43362b0-98ae-8ee3-2e80-ba9daa0d4846" testName="HlslPerf.Core.Tests.RgaParserTests.ExplicitSpillCountsArePreservedWithoutDerivingFromScratch" computerName="EDWINYNG" duration="00:00:00.0001386" startTime="2026-09-15T13:13:41.9680531+08:00" endTime="2026-09-15T13:13:41.9682098+08:00" testType="13cdc9d9-ddb5-4fa4-a97d-d965ccfc6d4b" outcome="Passed" testListId="8c84fa94-04c1-424b-9868-57a2d4851a1d" relativeResultsDirectory="73ac4434-bbfc-4276-bb70-2100a0191e72" />
    <UnitTestResult executionId="1505e6c4-2561-4ef9-9182-2b9a4cc49eb3" testId="038103b9-65ed-cf76-c341-10c60e645df3" testName="HlslPerf.Core.Tests.TuningLogicTests.SelectorRejectsMedianWinWhenP95Regresses" computerName="EDWINYNG" duration="00:00:00.0003114" startTime="2026-09-15T13:13:41.9707986+08:00" endTime="2026-09-15T13:13:41.9711290+08:00" testType="13cdc9d9-ddb5-4fa4-a97d-d965ccfc6d4b" outcome="Passed" testListId="8c84fa94-04c1-424b-9868-57a2d4851a1d" relativeResultsDirectory="1505e6c4-2561-4ef9-9182-2b9a4cc49eb3" />
    <UnitTestResult executionId="55f96500-d4db-4c63-a493-4a3ad429545d" testId="17bb8a1f-7583-cfd7-345d-8409ddcb9c65" testName="HlslPerf.Core.Tests.RadixTileTests.InvalidTileConfigurationFailsBeforeOracleAllocation(define: &quot;HLSLPERF_WAVE_SIZE&quot;, value: 0)" computerName="EDWINYNG" duration="00:00:00.0001557" startTime="2026-09-15T13:13:42.5163011+08:00" endTime="2026-09-15T13:13:42.5164727+08:00" testType="13cdc9d9-ddb5-4fa4-a97d-d965ccfc6d4b" outcome="Passed" testListId="8c84fa94-04c1-424b-9868-57a2d4851a1d" relativeResultsDirectory="55f96500-d4db-4c63-a493-4a3ad429545d" />
    <UnitTestResult executionId="66236bb2-fdd1-4439-826a-d668393906f9" testId="2b23dc87-ad09-1457-e6a0-b1ec1d25f6d8" testName="HlslPerf.Core.Tests.PrimitiveOperationTests.UnavailableOrInvalidPinnedSourceFallsBack(failure: &quot;revision&quot;)" computerName="EDWINYNG" duration="00:00:00.0176596" startTime="2026-09-15T13:13:42.2113961+08:00" endTime="2026-09-15T13:13:42.2291061+08:00" testType="13cdc9d9-ddb5-4fa4-a97d-d965ccfc6d4b" outcome="Passed" testListId="8c84fa94-04c1-424b-9868-57a2d4851a1d" relativeResultsDirectory="66236bb2-fdd1-4439-826a-d668393906f9" />
    <UnitTestResult executionId="6f1a8b9c-f284-4c97-8244-3d1b866f219b" testId="e8e7e10a-0d7b-606c-8915-7feac76826cd" testName="HlslPerf.Core.Tests.DynamicPlanTests.RejectsUnknownInputAndReadBeforeInitialization" computerName="EDWINYNG" duration="00:00:00.0006977" startTime="2026-09-15T13:13:41.9704790+08:00" endTime="2026-09-15T13:13:41.9711980+08:00" testType="13cdc9d9-ddb5-4fa4-a97d-d965ccfc6d4b" outcome="Passed" testListId="8c84fa94-04c1-424b-9868-57a2d4851a1d" relativeResultsDirectory="6f1a8b9c-f284-4c97-8244-3d1b866f219b" />
    <UnitTestResult executionId="61608c03-53e8-4163-8714-a294347dcd6c" testId="a52ab967-55b3-0cdf-81ae-99fa70397cd5" testName="HlslPerf.Core.Tests.UnifiedOperationTests.EmptyOperationsHaveAnExplicitGuardForEveryImplementation" computerName="EDWINYNG" duration="00:00:00.0002544" startTime="2026-09-15T13:13:42.5582747+08:00" endTime="2026-09-15T13:13:42.5585403+08:00" testType="13cdc9d9-ddb5-4fa4-a97d-d965ccfc6d4b" outcome="Passed" testListId="8c84fa94-04c1-424b-9868-57a2d4851a1d" relativeResultsDirectory="61608c03-53e8-4163-8714-a294347dcd6c" />
    <UnitTestResult executionId="98e3a4d9-b497-4527-bd80-1ff464ffaa81" testId="ba70005a-ba5f-afb5-6b93-92ae6f1e777e" testName="HlslPerf.Core.Tests.WorkloadPackTests.ScanSinglePassBuildsEpochResetAndOneDataDispatch" computerName="EDWINYNG" duration="00:00:00.0022886" startTime="2026-09-15T13:13:41.9573850+08:00" endTime="2026-09-15T13:13:41.9597073+08:00" testType="13cdc9d9-ddb5-4fa4-a97d-d965ccfc6d4b" outcome="Passed" testListId="8c84fa94-04c1-424b-9868-57a2d4851a1d" relativeResultsDirectory="98e3a4d9-b497-4527-bd80-1ff464ffaa81" />
    <UnitTestResult executionId="5d6d6d6b-5a03-41a7-bec5-bfdb5c210405" testId="7f69dd09-c533-a5a7-bc33-d2de74bfea5a" testName="HlslPerf.Core.Tests.RadixTileTests.ExportedScheduleIsTheManagedWorkloadsActualSchedule(count: 0)" computerName="EDWINYNG" duration="00:00:00.0002487" startTime="2026-09-15T13:13:42.5151026+08:00" endTime="2026-09-15T13:13:42.5153685+08:00" testType="13cdc9d9-ddb5-4fa4-a97d-d965ccfc6d4b" outcome="Passed" testListId="8c84fa94-04c1-424b-9868-57a2d4851a1d" relativeResultsDirectory="5d6d6d6b-5a03-41a7-bec5-bfdb5c210405" />
    <UnitTestResult executionId="373229d4-2099-482a-a060-287603394b61" testId="d437d892-4f86-ae56-1195-ea3bcbbdcf75" testName="HlslPerf.Core.Tests.WorkloadPackTests.SegmentedScanBuildsPairLookbackStateAndTwoInputPlan" computerName="EDWINYNG" duration="00:00:00.0077830" startTime="2026-09-15T13:13:41.9435215+08:00" endTime="2026-09-15T13:13:41.9513245+08:00" testType="13cdc9d9-ddb5-4fa4-a97d-d965ccfc6d4b" outcome="Passed" testListId="8c84fa94-04c1-424b-9868-57a2d4851a1d" relativeResultsDirectory="373229d4-2099-482a-a060-287603394b61" />
    <UnitTestResult executionId="a6cff548-982c-4202-b32d-65c90fd98486" testId="fc0f8dcb-41ac-acaf-4531-989d1e5e6360" testName="HlslPerf.Core.Tests.PrimitiveOperationTests.UnavailableOrInvalidPinnedSourceFallsBack(failure: &quot;bytes&quot;)" computerName="EDWINYNG" duration="00:00:00.0237467" startTime="2026-09-15T13:13:42.0435481+08:00" endTime="2026-09-15T13:13:42.0673442+08:00" testType="13cdc9d9-ddb5-4fa4-a97d-d965ccfc6d4b" outcome="Passed" testListId="8c84fa94-04c1-424b-9868-57a2d4851a1d" relativeResultsDirectory="a6cff548-982c-4202-b32d-65c90fd98486" />
    <UnitTestResult executionId="767eb999-ac3a-4bc9-8e13-0f668819f520" testId="0f5b29f7-9f34-6c6a-ff10-303396a7ddc0" testName="HlslPerf.Core.Tests.PrimitiveOperationTests.UnavailableOrInvalidPinnedSourceFallsBack(failure: &quot;source-missing&quot;)" computerName="EDWINYNG" duration="00:00:00.0174459" startTime="2026-09-15T13:13:42.0683085+08:00" endTime="2026-09-15T13:13:42.0858094+08:00" testType="13cdc9d9-ddb5-4fa4-a97d-d965ccfc6d4b" outcome="Passed" testListId="8c84fa94-04c1-424b-9868-57a2d4851a1d" relativeResultsDirectory="767eb999-ac3a-4bc9-8e13-0f668819f520" />
    <UnitTestResult executionId="dabbd39e-191b-4b7c-9ff6-891c9ff649b7" testId="76def053-09d3-87be-5cf1-c1370f779f94" testName="HlslPerf.Core.Tests.PrimitiveOperationTests.UnavailableOrInvalidPinnedSourceFallsBack(failure: &quot;json&quot;)" computerName="EDWINYNG" duration="00:00:00.0183837" startTime="2026-09-15T13:13:42.1315457+08:00" endTime="2026-09-15T13:13:42.1499795+08:00" testType="13cdc9d9-ddb5-4fa4-a97d-d965ccfc6d4b" outcome="Passed" testListId="8c84fa94-04c1-424b-9868-57a2d4851a1d" relativeResultsDirectory="dabbd39e-191b-4b7c-9ff6-891c9ff649b7" />
    <UnitTestResult executionId="ec1a39ff-8ce5-4f16-980f-2a7104a612ae" testId="158c9f8f-24f9-b2a7-d325-8f532fe9bdab" testName="HlslPerf.Core.Tests.TuningLogicTests.ExpandProducesCartesianProductWithFixedDefines" computerName="EDWINYNG" duration="00:00:00.0005421" startTime="2026-09-15T13:13:42.0364217+08:00" endTime="2026-09-15T13:13:42.0369810+08:00" testType="13cdc9d9-ddb5-4fa4-a97d-d965ccfc6d4b" outcome="Passed" testListId="8c84fa94-04c1-424b-9868-57a2d4851a1d" relativeResultsDirectory="ec1a39ff-8ce5-4f16-980f-2a7104a612ae" />
    <UnitTestResult executionId="31fb93db-9dcd-4793-b78c-8905a43aa437" testId="b3e17eeb-068a-c084-1a68-b14798196f37" testName="HlslPerf.Core.Tests.TuningLogicTests.ReportWriterNeverEmitsProfileFromNoisyFallbackPool" computerName="EDWINYNG" duration="00:00:00.0001687" startTime="2026-09-15T13:13:42.0360920+08:00" endTime="2026-09-15T13:13:42.0362809+08:00" testType="13cdc9d9-ddb5-4fa4-a97d-d965ccfc6d4b" outcome="Passed" testListId="8c84fa94-04c1-424b-9868-57a2d4851a1d" relativeResultsDirectory="31fb93db-9dcd-4793-b78c-8905a43aa437" />
    <UnitTestResult executionId="32a7c0f7-2395-4c23-a366-7cd78c9216fd" testId="429fcfc5-b759-e4ac-0537-209bca78f4d4" testName="HlslPerf.Core.Tests.PrimitiveOperationTests.UnavailableOrInvalidPinnedSourceFallsBack(failure: &quot;missing&quot;)" computerName="EDWINYNG" duration="00:00:00.1215316" startTime="2026-09-15T13:13:41.9169261+08:00" endTime="2026-09-15T13:13:42.0434206+08:00" testType="13cdc9d9-ddb5-4fa4-a97d-d965ccfc6d4b" outcome="Passed" testListId="8c84fa94-04c1-424b-9868-57a2d4851a1d" relativeResultsDirectory="32a7c0f7-2395-4c23-a366-7cd78c9216fd" />
    <UnitTestResult executionId="a2095f15-e1d5-4e1a-81a8-435e4f281c57" testId="28280af6-00cf-a8ce-ba25-ec36477caee8" testName="HlslPerf.Core.Tests.PrimitiveOperationTests.UnavailableOrInvalidPinnedSourceFallsBack(failure: &quot;source-duplicate&quot;)" computerName="EDWINYNG" duration="00:00:00.0219811" startTime="2026-09-15T13:13:42.0878672+08:00" endTime="2026-09-15T13:13:42.1099040+08:00" testType="13cdc9d9-ddb5-4fa4-a97d-d965ccfc6d4b" outcome="Passed" testListId="8c84fa94-04c1-424b-9868-57a2d4851a1d" relativeResultsDirectory="a2095f15-e1d5-4e1a-81a8-435e4f281c57" />
    <UnitTestResult executionId="a503fe62-2d5d-4cec-b3d1-d2beebf30956" testId="956ffc0a-906c-7ba5-d033-fd91feb6512f" testName="HlslPerf.Core.Tests.PairedProfileTests.BaselineNoBenefitStillRequiresFreshCorrectStableConfirmation" computerName="EDWINYNG" duration="00:00:00.1206564" startTime="2026-09-15T13:13:41.9169286+08:00" endTime="2026-09-15T13:13:42.0427186+08:00" testType="13cdc9d9-ddb5-4fa4-a97d-d965ccfc6d4b" outcome="Passed" testListId="8c84fa94-04c1-424b-9868-57a2d4851a1d" relativeResultsDirectory="a503fe62-2d5d-4cec-b3d1-d2beebf30956" />
    <UnitTestResult executionId="7ea024e6-ede2-4bdd-b724-5e0e7e76244f" testId="63d9d392-d9b3-afc0-9206-da7e32570d45" testName="HlslPerf.Core.Tests.DynamicPlanTests.ZeroCountRequiresV2AndRetainsAllOutputOracles" computerName="EDWINYNG" duration="00:00:00.0005207" startTime="2026-09-15T13:13:41.9674739+08:00" endTime="2026-09-15T13:13:41.9680173+08:00" testType="13cdc9d9-ddb5-4fa4-a97d-d965ccfc6d4b" outcome="Passed" testListId="8c84fa94-04c1-424b-9868-57a2d4851a1d" relativeResultsDirectory="7ea024e6-ede2-4bdd-b724-5e0e7e76244f" />
    <UnitTestResult executionId="8d7486e2-2be5-4756-80fd-bdb57b98950b" testId="748d97bb-ff4d-18f8-7490-ccd56fc7939d" testName="HlslPerf.Core.Tests.CrowdVfxWorkloadTests.DeadlineReplayMakesBacklogVisibleWithoutChangingSamples" computerName="EDWINYNG" duration="00:00:00.0013548" startTime="2026-09-15T13:13:42.0302528+08:00" endTime="2026-09-15T13:13:42.0316292+08:00" testType="13cdc9d9-ddb5-4fa4-a97d-d965ccfc6d4b" outcome="Passed" testListId="8c84fa94-04c1-424b-9868-57a2d4851a1d" relativeResultsDirectory="8d7486e2-2be5-4756-80fd-bdb57b98950b" />
    <UnitTestResult executionId="47e67640-7928-4627-bc89-7b434b85cea1" testId="11496395-96f8-7cc5-1601-9a808913dd73" testName="HlslPerf.Core.Tests.PairedProfileTests.PassingEachOwnOracleDoesNotProveArmsAreComparable" computerName="EDWINYNG" duration="00:00:00.0015931" startTime="2026-09-15T13:13:42.1226633+08:00" endTime="2026-09-15T13:13:42.1242818+08:00" testType="13cdc9d9-ddb5-4fa4-a97d-d965ccfc6d4b" outcome="Passed" testListId="8c84fa94-04c1-424b-9868-57a2d4851a1d" relativeResultsDirectory="47e67640-7928-4627-bc89-7b434b85cea1" />
    <UnitTestResult executionId="41bf57ad-7df5-494f-aa70-6bf99d4d58c7" testId="87d81ac1-92fc-ac4d-a076-1c87bb444691" testName="HlslPerf.Core.Tests.TuningLogicTests.SelectorMarksRunNonDeployableWhenDeclaredBaselineIsNoisy" computerName="EDWINYNG" duration="00:00:00.0002143" startTime="2026-09-15T13:13:42.0353874+08:00" endTime="2026-09-15T13:13:42.0356242+08:00" testType="13cdc9d9-ddb5-4fa4-a97d-d965ccfc6d4b" outcome="Passed" testListId="8c84fa94-04c1-424b-9868-57a2d4851a1d" relativeResultsDirectory="41bf57ad-7df5-494f-aa70-6bf99d4d58c7" />
    <UnitTestResult executionId="af563567-60b2-4dc9-ab36-21e8fcf7dca6" testId="bb5154d1-b3c4-92ac-99c3-a758a1e50aa7" testName="HlslPerf.Core.Tests.RadixTileTests.PlansHaveFourStagesPerDigitAndOnlyRequiredRecordBuffers(pairs: False, v2: False)" computerName="EDWINYNG" duration="00:00:00.0021917" startTime="2026-09-15T13:13:42.6448121+08:00" endTime="2026-09-15T13:13:42.6470245+08:00" testType="13cdc9d9-ddb5-4fa4-a97d-d965ccfc6d4b" outcome="Passed" testListId="8c84fa94-04c1-424b-9868-57a2d4851a1d" relativeResultsDirectory="af563567-60b2-4dc9-ab36-21e8fcf7dca6" />
    <UnitTestResult executionId="5d2831f8-c044-4063-beb8-f93531766ac7" testId="62e6ec36-b2cc-92ba-4391-9242f8e9533a" testName="HlslPerf.Core.Tests.PairedProtocolTests.ScheduleIsReproducibleBalancedAndSeedDisjoint" computerName="EDWINYNG" duration="00:00:00.0096402" startTime="2026-09-15T13:13:42.0318227+08:00" endTime="2026-09-15T13:13:42.0414850+08:00" testType="13cdc9d9-ddb5-4fa4-a97d-d965ccfc6d4b" outcome="Passed" testListId="8c84fa94-04c1-424b-9868-57a2d4851a1d" relativeResultsDirectory="5d2831f8-c044-4063-beb8-f93531766ac7" />
    <UnitTestResult executionId="f76b1bfe-985a-44c9-b99d-b34d77bc0053" testId="f67a8e2c-3dc6-1aae-33f5-1ce9b40698fb" testName="HlslPerf.Core.Tests.PrimitiveOperationTests.WaveTiledSdkKeepsIndependentInclusiveAndExclusiveOracles(count: 0)" computerName="EDWINYNG" duration="00:00:00.0013553" startTime="2026-09-15T13:13:42.3709685+08:00" endTime="2026-09-15T13:13:42.3723504+08:00" testType="13cdc9d9-ddb5-4fa4-a97d-d965ccfc6d4b" outcome="Passed" testListId="8c84fa94-04c1-424b-9868-57a2d4851a1d" relativeResultsDirectory="f76b1bfe-985a-44c9-b99d-b34d77bc0053" />
    <UnitTestResult executionId="3a9ee7a3-313f-40a9-afc6-9c1453a062b8" testId="48d2cd6c-9aa0-ad99-1f97-2b3fae2ea0fd" testName="HlslPerf.Core.Tests.WaveTiledScanTests.OptInKeepsFullOutputContractAndBindsCompleteReset(compaction: False, wave: 64, count: 4097)" computerName="EDWINYNG" duration="00:00:00.0000804" startTime="2026-09-15T13:13:41.9744890+08:00" endTime="2026-09-15T13:13:41.9745761+08:00" testType="13cdc9d9-ddb5-4fa4-a97d-d965ccfc6d4b" outcome="Passed" testListId="8c84fa94-04c1-424b-9868-57a2d4851a1d" relativeResultsDirectory="3a9ee7a3-313f-40a9-afc6-9c1453a062b8" />
    <UnitTestResult executionId="27b91bf8-14fc-4045-8b95-cf3373ad1f83" testId="f2a1da8b-d50c-2467-b3f0-a8fbbc62708b" testName="HlslPerf.Core.Tests.BundledManifestTests.EveryBundledManifestValidatesExpandsAndResolves" computerName="EDWINYNG" duration="00:00:00.1065577" startTime="2026-09-15T13:13:41.9169388+08:00" endTime="2026-09-15T13:13:42.0283073+08:00" testType="13cdc9d9-ddb5-4fa4-a97d-d965ccfc6d4b" outcome="Passed" testListId="8c84fa94-04c1-424b-9868-57a2d4851a1d" relativeResultsDirectory="27b91bf8-14fc-4045-8b95-cf3373ad1f83" />
    <UnitTestResult executionId="3eb4407d-a699-490d-a49b-e98e854f0126" testId="af6de727-dca4-9010-c341-7f17358dabc3" testName="HlslPerf.Core.Tests.RadixTileTests.ExportedScheduleIsTheManagedWorkloadsActualSchedule(count: 513)" computerName="EDWINYNG" duration="00:00:00.0003123" startTime="2026-09-15T13:13:42.5154582+08:00" endTime="2026-09-15T13:13:42.5157834+08:00" testType="13cdc9d9-ddb5-4fa4-a97d-d965ccfc6d4b" outcome="Passed" testListId="8c84fa94-04c1-424b-9868-57a2d4851a1d" relativeResultsDirectory="3eb4407d-a699-490d-a49b-e98e854f0126" />
    <UnitTestResult executionId="dd33bbd5-87ad-4d25-919e-c483d1859680" testId="3935981f-f709-392f-874c-16fbb2c489b8" testName="HlslPerf.Core.Tests.UnifiedOperationTests.AmdRestoresOriginalInputBeforeEveryFullKeyOperation(pairs: True)" computerName="EDWINYNG" duration="00:00:00.0003943" startTime="2026-09-15T13:13:42.5567046+08:00" endTime="2026-09-15T13:13:42.5571236+08:00" testType="13cdc9d9-ddb5-4fa4-a97d-d965ccfc6d4b" outcome="Passed" testListId="8c84fa94-04c1-424b-9868-57a2d4851a1d" relativeResultsDirectory="dd33bbd5-87ad-4d25-919e-c483d1859680" />
    <UnitTestResult executionId="c27b8e7f-34d0-4bca-b02f-24211f85c983" testId="c47d2677-0b00-2ac4-14a4-d7ef77fee823" testName="HlslPerf.Core.Tests.WaveTiledScanTests.OptInKeepsFullOutputContractAndBindsCompleteReset(compaction: True, wave: 32, count: 4096)" computerName="EDWINYNG" duration="00:00:00.0015673" startTime="2026-09-15T13:13:41.9719550+08:00" endTime="2026-09-15T13:13:41.9735426+08:00" testType="13cdc9d9-ddb5-4fa4-a97d-d965ccfc6d4b" outcome="Passed" testListId="8c84fa94-04c1-424b-9868-57a2d4851a1d" relativeResultsDirectory="c27b8e7f-34d0-4bca-b02f-24211f85c983" />
    <UnitTestResult executionId="7b7853e1-2783-4e14-a1e9-f6518c3efd73" testId="3e3e7556-d6a3-e574-252e-c8356d910093" testName="HlslPerf.Core.Tests.RadixSortTests.InvalidDimensionsFailBeforeAllocation(count: 536870912, bits: 32, pairs: False)" computerName="EDWINYNG" duration="00:00:00.0001983" startTime="2026-09-15T13:13:42.0390487+08:00" endTime="2026-09-15T13:13:42.0392641+08:00" testType="13cdc9d9-ddb5-4fa4-a97d-d965ccfc6d4b" outcome="Passed" testListId="8c84fa94-04c1-424b-9868-57a2d4851a1d" relativeResultsDirectory="7b7853e1-2783-4e14-a1e9-f6518c3efd73" />
    <UnitTestResult executionId="c4f35e6d-752b-41e0-9836-68d0d63a2fc5" testId="e588891d-20eb-8fcb-11e2-be48bf831739" testName="HlslPerf.Core.Tests.PrimitiveOperationTests.ProfileMustMatchTrustedConfirmationSourcePlanAbiAndDeviceDriver" computerName="EDWINYNG" duration="00:00:00.0255388" startTime="2026-09-15T13:13:42.3725515+08:00" endTime="2026-09-15T13:13:42.3981244+08:00" testType="13cdc9d9-ddb5-4fa4-a97d-d965ccfc6d4b" outcome="Passed" testListId="8c84fa94-04c1-424b-9868-57a2d4851a1d" relativeResultsDirectory="c4f35e6d-752b-41e0-9836-68d0d63a2fc5" />
    <UnitTestResult executionId="b2077584-d117-4f26-9d96-c06ba40cb69c" testId="07c20519-3607-c715-f550-583de3e70d06" testName="HlslPerf.Core.Tests.CausalScanTests.VectorIoChangesOnlyIoDefineAndShaderIdentity(count: 0)" computerName="EDWINYNG" duration="00:00:00.0007664" startTime="2026-09-15T13:13:42.2325151+08:00" endTime="2026-09-15T13:13:42.2333012+08:00" testType="13cdc9d9-ddb5-4fa4-a97d-d965ccfc6d4b" outcome="Passed" testListId="8c84fa94-04c1-424b-9868-57a2d4851a1d" relativeResultsDirectory="b2077584-d117-4f26-9d96-c06ba40cb69c" />
    <UnitTestResult executionId="193f8323-d00d-4762-a93b-0ea1637698a5" testId="e15383c6-6738-62b7-0f5d-7175ee49eff4" testName="HlslPerf.Core.Tests.WaveTiledScanTests.UnsupportedConfigurationsAreRejectedBeforeDispatch(name: &quot;HLSLPERF_VECTOR_WIDTH&quot;, value: 1)" computerName="EDWINYNG" duration="00:00:00.0166963" startTime="2026-09-15T13:13:41.9169274+08:00" endTime="2026-09-15T13:13:41.9386530+08:00" testType="13cdc9d9-ddb5-4fa4-a97d-d965ccfc6d4b" outcome="Passed" testListId="8c84fa94-04c1-424b-9868-57a2d4851a1d" relativeResultsDirectory="193f8323-d00d-4762-a93b-0ea1637698a5" />
    <UnitTestResult executionId="743a1ef6-28d6-4a34-9bd8-df783ccc3eda" testId="3d68b30e-cec9-689e-80c4-53cdc4bfdabb" testName="HlslPerf.Core.Tests.RadixTileTests.ChunkAndBinPrefixesEqualFlatExclusiveHistogramScan(tiles: 1)" computerName="EDWINYNG" duration="00:00:00.0000898" startTime="2026-09-15T13:13:42.6093610+08:00" endTime="2026-09-15T13:13:42.6094760+08:00" testType="13cdc9d9-ddb5-4fa4-a97d-d965ccfc6d4b" outcome="Passed" testListId="8c84fa94-04c1-424b-9868-57a2d4851a1d" relativeResultsDirectory="743a1ef6-28d6-4a34-9bd8-df783ccc3eda" />
    <UnitTestResult executionId="b63ecf89-fc2d-4eb9-858c-bafa5ef3b700" testId="95df58ef-294f-7686-8b0c-4995b5a94104" testName="HlslPerf.Core.Tests.WorkloadPackTests.CompactionExposesUnfusedAndFusedEndToEndPlans" computerName="EDWINYNG" duration="00:00:00.0008639" startTime="2026-09-15T13:13:41.9677076+08:00" endTime="2026-09-15T13:13:41.9685906+08:00" testType="13cdc9d9-ddb5-4fa4-a97d-d965ccfc6d4b" outcome="Passed" testListId="8c84fa94-04c1-424b-9868-57a2d4851a1d" relativeResultsDirectory="b63ecf89-fc2d-4eb9-858c-bafa5ef3b700" />
    <UnitTestResult executionId="9404e7e0-22ae-49bf-bb12-edc4771928a1" testId="27977b8e-6ac2-cf8a-55a3-b29c687c3c70" testName="HlslPerf.Core.Tests.WaveTiledScanTests.OptInKeepsFullOutputContractAndBindsCompleteReset(compaction: True, wave: 32, count: 1)" computerName="EDWINYNG" duration="00:00:00.0003188" startTime="2026-09-15T13:13:41.9715003+08:00" endTime="2026-09-15T13:13:41.9718397+08:00" testType="13cdc9d9-ddb5-4fa4-a97d-d965ccfc6d4b" outcome="Passed" testListId="8c84fa94-04c1-424b-9868-57a2d4851a1d" relativeResultsDirectory="9404e7e0-22ae-49bf-bb12-edc4771928a1" />
    <UnitTestResult executionId="e24edb2c-c28e-45f4-a6e8-6dd3c24de9b8" testId="b0e72137-a19d-ffa2-3576-6bda0c3f8b87" testName="HlslPerf.Core.Tests.RgaParserTests.ParsesCurrentRgaLiveVgprSummary" computerName="EDWINYNG" duration="00:00:00.0002064" startTime="2026-09-15T13:13:41.9669279+08:00" endTime="2026-09-15T13:13:41.9671580+08:00" testType="13cdc9d9-ddb5-4fa4-a97d-d965ccfc6d4b" outcome="Passed" testListId="8c84fa94-04c1-424b-9868-57a2d4851a1d" relativeResultsDirectory="e24edb2c-c28e-45f4-a6e8-6dd3c24de9b8" />
    <UnitTestResult executionId="c5465952-e4f7-4ce0-850e-4775982267b5" testId="f68b7ff2-f849-5c4e-e1f8-d1c36ec528e4" testName="HlslPerf.Core.Tests.PairedProtocolTests.PairedIntervalRejectsUncertainApparentImprovement" computerName="EDWINYNG" duration="00:00:00.0005448" startTime="2026-09-15T13:13:42.0432076+08:00" endTime="2026-09-15T13:13:42.0437757+08:00" testType="13cdc9d9-ddb5-4fa4-a97d-d965ccfc6d4b" outcome="Passed" testListId="8c84fa94-04c1-424b-9868-57a2d4851a1d" relativeResultsDirectory="c5465952-e4f7-4ce0-850e-4775982267b5" />
    <UnitTestResult executionId="9a06099e-3632-401a-98e5-073e584d3ea9" testId="33a916e7-e0c3-2bf6-8bf0-df31df01c836" testName="HlslPerf.Core.Tests.TuningLogicTests.SelectorRetainsBaselineWhenGainIsBelowDeploymentGuard" computerName="EDWINYNG" duration="00:00:00.0128118" startTime="2026-09-15T13:13:41.9435574+08:00" endTime="2026-09-15T13:13:41.9563908+08:00" testType="13cdc9d9-ddb5-4fa4-a97d-d965ccfc6d4b" outcome="Passed" testListId="8c84fa94-04c1-424b-9868-57a2d4851a1d" relativeResultsDirectory="9a06099e-3632-401a-98e5-073e584d3ea9" />
    <UnitTestResult executionId="a29253e8-090f-46f4-9c40-fc6794476469" testId="135db028-bc7b-69d6-3c98-dfcd6f8e2440" testName="HlslPerf.Core.Tests.RadixSortTests.ComparisonOraclePreservesOrderRatherThanSortingPayloadValues" computerName="EDWINYNG" duration="00:00:00.0001350" startTime="2026-09-15T13:13:42.0426786+08:00" endTime="2026-09-15T13:13:42.0428255+08:00" testType="13cdc9d9-ddb5-4fa4-a97d-d965ccfc6d4b" outcome="Passed" testListId="8c84fa94-04c1-424b-9868-57a2d4851a1d" relativeResultsDirectory="a29253e8-090f-46f4-9c40-fc6794476469" />
    <UnitTestResult executionId="d8eee5b4-cb86-4dd4-9766-2846c82cdf01" testId="dc461f89-39eb-cd3d-d492-ca0701a031d4" testName="HlslPerf.Core.Tests.TuningLogicTests.SelectorRejectsIncorrectFastCandidate" computerName="EDWINYNG" duration="00:00:00.0138854" startTime="2026-09-15T13:13:41.9169266+08:00" endTime="2026-09-15T13:13:41.9375632+08:00" testType="13cdc9d9-ddb5-4fa4-a97d-d965ccfc6d4b" outcome="Passed" testListId="8c84fa94-04c1-424b-9868-57a2d4851a1d" relativeResultsDirectory="d8eee5b4-cb86-4dd4-9766-2846c82cdf01" />
    <UnitTestResult executionId="be7eb4c6-b0b7-49c2-989c-d91de6f1a5d7" testId="fa970c0a-aaed-cb47-bcfa-d37ad402a716" testName="HlslPerf.Core.Tests.DynamicPlanTests.RejectsInvalidOrOverflowingArgumentRange(offset: 24)" computerName="EDWINYNG" duration="00:00:00.0000713" startTime="2026-09-15T13:13:41.9691843+08:00" endTime="2026-09-15T13:13:41.9692690+08:00" testType="13cdc9d9-ddb5-4fa4-a97d-d965ccfc6d4b" outcome="Passed" testListId="8c84fa94-04c1-424b-9868-57a2d4851a1d" relativeResultsDirectory="be7eb4c6-b0b7-49c2-989c-d91de6f1a5d7" />
    <UnitTestResult executionId="a85a614e-77af-4b00-8144-caa6f322ebfd" testId="e74e2404-8c97-6591-1a9e-c9dd27d53634" testName="HlslPerf.Core.Tests.WaveTiledScanTests.UnsupportedConfigurationsAreRejectedBeforeDispatch(name: &quot;HLSLPERF_GROUP_SIZE&quot;, value: 2048)" computerName="EDWINYNG" duration="00:00:00.0000597" startTime="2026-09-15T13:13:41.9428735+08:00" endTime="2026-09-15T13:13:41.9429523+08:00" testType="13cdc9d9-ddb5-4fa4-a97d-d965ccfc6d4b" outcome="Passed" testListId="8c84fa94-04c1-424b-9868-57a2d4851a1d" relativeResultsDirectory="a85a614e-77af-4b00-8144-caa6f322ebfd" />
    <UnitTestResult executionId="6187224e-9eae-43aa-8b8c-5cc79605c303" testId="5e0ec9b3-284c-5df3-6c53-2fd6fcc8b798" testName="HlslPerf.Core.Tests.DynamicPlanTests.RejectsInvalidOrOverflowingArgumentRange(offset: -4)" computerName="EDWINYNG" duration="00:00:00.0002214" startTime="2026-09-15T13:13:41.9688349+08:00" endTime="2026-09-15T13:13:41.9690710+08:00" testType="13cdc9d9-ddb5-4fa4-a97d-d965ccfc6d4b" outcome="Passed" testListId="8c84fa94-04c1-424b-9868-57a2d4851a1d" relativeResultsDirectory="6187224e-9eae-43aa-8b8c-5cc79605c303" />
    <UnitTestResult executionId="33d0123e-a328-4f32-afea-80d56a45a21a" testId="1e9e1120-979e-7211-5746-3e8728e7d77f" testName="HlslPerf.Core.Tests.UnifiedOperationTests.DuplicateKeysKeepOriginalPayloadOrder" computerName="EDWINYNG" duration="00:00:00.0001781" startTime="2026-09-15T13:13:42.5577723+08:00" endTime="2026-09-15T13:13:42.5579634+08:00" testType="13cdc9d9-ddb5-4fa4-a97d-d965ccfc6d4b" outcome="Passed" testListId="8c84fa94-04c1-424b-9868-57a2d4851a1d" relativeResultsDirectory="33d0123e-a328-4f32-afea-80d56a45a21a" />
    <UnitTestResult executionId="eebda358-dd96-433f-953c-9b7f7af10d63" testId="8ea1af6d-4145-9ef3-5dce-906e0b31bb71" testName="HlslPerf.Core.Tests.WorkloadPackTests.HistogramProducesOffsetsIncludingTerminalCount" computerName="EDWINYNG" duration="00:00:00.0023619" startTime="2026-09-15T13:13:41.9651219+08:00" endTime="2026-09-15T13:13:41.9675180+08:00" testType="13cdc9d9-ddb5-4fa4-a97d-d965ccfc6d4b" outcome="Passed" testListId="8c84fa94-04c1-424b-9868-57a2d4851a1d" relativeResultsDirectory="eebda358-dd96-433f-953c-9b7f7af10d63" />
    <UnitTestResult executionId="68d96f20-130a-4eec-b783-da3f63878cd4" testId="d7a55ef0-8bc6-242d-af60-6fade45679e2" testName="HlslPerf.Core.Tests.PrimitiveOperationTests.UnavailableOrInvalidPinnedSourceFallsBack(failure: &quot;missing-files&quot;)" computerName="EDWINYNG" duration="00:00:00.0189946" startTime="2026-09-15T13:13:42.1755242+08:00" endTime="2026-09-15T13:13:42.1945641+08:00" testType="13cdc9d9-ddb5-4fa4-a97d-d965ccfc6d4b" outcome="Passed" testListId="8c84fa94-04c1-424b-9868-57a2d4851a1d" relativeResultsDirectory="68d96f20-130a-4eec-b783-da3f63878cd4" />
[...]
    <TestEntry testId="c15ea289-5718-0754-440f-2fbf01e95aec" executionId="796f4ec0-08a2-435d-ac85-942eece1666f" testListId="8c84fa94-04c1-424b-9868-57a2d4851a1d" />
    <TestEntry testId="041b2d6e-9a3c-5380-bca1-631c8f565642" executionId="f6a65422-3789-42c6-b7cc-276d84215d60" testListId="8c84fa94-04c1-424b-9868-57a2d4851a1d" />
    <TestEntry testId="a5f4a301-d0c1-1923-2418-a81d6456de69" executionId="bead6edb-df18-471f-8cb7-a225134afe4c" testListId="8c84fa94-04c1-424b-9868-57a2d4851a1d" />
    <TestEntry testId="9379d137-54df-b06b-0d63-dea584e36d05" executionId="e2aab6b1-2016-4638-a63a-7d4a4d47d0ad" testListId="8c84fa94-04c1-424b-9868-57a2d4851a1d" />
    <TestEntry testId="c474c7e9-158d-c503-2f47-3a925819629e" executionId="737416a7-3ae8-4780-a042-21e8e53a8c53" testListId="8c84fa94-04c1-424b-9868-57a2d4851a1d" />
    <TestEntry testId="0121713c-95e6-5326-5306-6996855e3ec8" executionId="66adc9ba-326d-4582-b7f4-72b27d02f34a" testListId="8c84fa94-04c1-424b-9868-57a2d4851a1d" />
    <TestEntry testId="e874dfbb-2874-e16a-2cf6-cd2b6d9820ba" executionId="7506f77f-43b8-455f-865c-a715795b97da" testListId="8c84fa94-04c1-424b-9868-57a2d4851a1d" />
    <TestEntry testId="af6c21ea-07e7-dcfb-cdae-edd033f7acf0" executionId="bba70188-9521-4e12-85d9-258618deb716" testListId="8c84fa94-04c1-424b-9868-57a2d4851a1d" />
    <TestEntry testId="1cbd6c75-a85e-2f63-3f5b-b3b00f970ead" executionId="20d38369-1bf9-4290-8184-1633f229f7f7" testListId="8c84fa94-04c1-424b-9868-57a2d4851a1d" />
    <TestEntry testId="37465ff3-b50f-842b-d412-58c85debb00f" executionId="ba372b9a-e2cb-419d-a7bc-f3f0df5643c7" testListId="8c84fa94-04c1-424b-9868-57a2d4851a1d" />
    <TestEntry testId="0096cabc-ca07-83fc-9cb1-cd463a1df81d" executionId="a068287c-15e4-4a50-b054-20fedc05195d" testListId="8c84fa94-04c1-424b-9868-57a2d4851a1d" />
    <TestEntry testId="1f5e322c-668f-c405-d83d-79a91c278997" executionId="3e1bd674-9b84-4687-b038-806c995f8fd7" testListId="8c84fa94-04c1-424b-9868-57a2d4851a1d" />
    <TestEntry testId="626e00ab-f352-5705-c2c4-1dd0be99f690" executionId="26ebcdd0-c5df-4d2d-9ae9-59d4db4101a2" testListId="8c84fa94-04c1-424b-9868-57a2d4851a1d" />
    <TestEntry testId="95037a46-f0f7-14d4-a467-030cfee7e479" executionId="6db9c50b-0507-42b2-8149-b1c2085ae74e" testListId="8c84fa94-04c1-424b-9868-57a2d4851a1d" />
    <TestEntry testId="3052751a-b065-c8fc-b40b-2ad4cd893125" executionId="15a938b1-89a1-41f5-9aa8-819a10e4adc4" testListId="8c84fa94-04c1-424b-9868-57a2d4851a1d" />
    <TestEntry testId="a914e0c0-f457-a4af-eb37-c90f6c431713" executionId="e6e36520-7422-4d75-9854-5c4700eb9270" testListId="8c84fa94-04c1-424b-9868-57a2d4851a1d" />
    <TestEntry testId="7a835f27-44a7-581c-f6fe-47d22c806034" executionId="57f9bf1a-7373-4555-82f4-8d01217e6fe4" testListId="8c84fa94-04c1-424b-9868-57a2d4851a1d" />
    <TestEntry testId="d9f4e678-fd5c-e98d-ed2c-edf568365068" executionId="14d55924-be6b-4a45-8d4d-888f1bf8abd0" testListId="8c84fa94-04c1-424b-9868-57a2d4851a1d" />
    <TestEntry testId="20b6c9ee-c7a6-10d2-7070-065f17fdec65" executionId="2f20e172-0f8a-4795-8132-4904ec1e611a" testListId="8c84fa94-04c1-424b-9868-57a2d4851a1d" />
    <TestEntry testId="d78a8d69-cb7a-b491-c4bd-b926d06059f3" executionId="c6929008-3ae6-428d-8ed6-139cd1abf605" testListId="8c84fa94-04c1-424b-9868-57a2d4851a1d" />
    <TestEntry testId="b43362b0-98ae-8ee3-2e80-ba9daa0d4846" executionId="73ac4434-bbfc-4276-bb70-2100a0191e72" testListId="8c84fa94-04c1-424b-9868-57a2d4851a1d" />
    <TestEntry testId="038103b9-65ed-cf76-c341-10c60e645df3" executionId="1505e6c4-2561-4ef9-9182-2b9a4cc49eb3" testListId="8c84fa94-04c1-424b-9868-57a2d4851a1d" />
    <TestEntry testId="17bb8a1f-7583-cfd7-345d-8409ddcb9c65" executionId="55f96500-d4db-4c63-a493-4a3ad429545d" testListId="8c84fa94-04c1-424b-9868-57a2d4851a1d" />
    <TestEntry testId="2b23dc87-ad09-1457-e6a0-b1ec1d25f6d8" executionId="66236bb2-fdd1-4439-826a-d668393906f9" testListId="8c84fa94-04c1-424b-9868-57a2d4851a1d" />
    <TestEntry testId="e8e7e10a-0d7b-606c-8915-7feac76826cd" executionId="6f1a8b9c-f284-4c97-8244-3d1b866f219b" testListId="8c84fa94-04c1-424b-9868-57a2d4851a1d" />
    <TestEntry testId="a52ab967-55b3-0cdf-81ae-99fa70397cd5" executionId="61608c03-53e8-4163-8714-a294347dcd6c" testListId="8c84fa94-04c1-424b-9868-57a2d4851a1d" />
    <TestEntry testId="ba70005a-ba5f-afb5-6b93-92ae6f1e777e" executionId="98e3a4d9-b497-4527-bd80-1ff464ffaa81" testListId="8c84fa94-04c1-424b-9868-57a2d4851a1d" />
    <TestEntry testId="7f69dd09-c533-a5a7-bc33-d2de74bfea5a" executionId="5d6d6d6b-5a03-41a7-bec5-bfdb5c210405" testListId="8c84fa94-04c1-424b-9868-57a2d4851a1d" />
    <TestEntry testId="d437d892-4f86-ae56-1195-ea3bcbbdcf75" executionId="373229d4-2099-482a-a060-287603394b61" testListId="8c84fa94-04c1-424b-9868-57a2d4851a1d" />
    <TestEntry testId="fc0f8dcb-41ac-acaf-4531-989d1e5e6360" executionId="a6cff548-982c-4202-b32d-65c90fd98486" testListId="8c84fa94-04c1-424b-9868-57a2d4851a1d" />
    <TestEntry testId="0f5b29f7-9f34-6c6a-ff10-303396a7ddc0" executionId="767eb999-ac3a-4bc9-8e13-0f668819f520" testListId="8c84fa94-04c1-424b-9868-57a2d4851a1d" />
    <TestEntry testId="76def053-09d3-87be-5cf1-c1370f779f94" executionId="dabbd39e-191b-4b7c-9ff6-891c9ff649b7" testListId="8c84fa94-04c1-424b-9868-57a2d4851a1d" />
    <TestEntry testId="158c9f8f-24f9-b2a7-d325-8f532fe9bdab" executionId="ec1a39ff-8ce5-4f16-980f-2a7104a612ae" testListId="8c84fa94-04c1-424b-9868-57a2d4851a1d" />
    <TestEntry testId="b3e17eeb-068a-c084-1a68-b14798196f37" executionId="31fb93db-9dcd-4793-b78c-8905a43aa437" testListId="8c84fa94-04c1-424b-9868-57a2d4851a1d" />
    <TestEntry testId="429fcfc5-b759-e4ac-0537-209bca78f4d4" executionId="32a7c0f7-2395-4c23-a366-7cd78c9216fd" testListId="8c84fa94-04c1-424b-9868-57a2d4851a1d" />
    <TestEntry testId="28280af6-00cf-a8ce-ba25-ec36477caee8" executionId="a2095f15-e1d5-4e1a-81a8-435e4f281c57" testListId="8c84fa94-04c1-424b-9868-57a2d4851a1d" />
    <TestEntry testId="956ffc0a-906c-7ba5-d033-fd91feb6512f" executionId="a503fe62-2d5d-4cec-b3d1-d2beebf30956" testListId="8c84fa94-04c1-424b-9868-57a2d4851a1d" />
    <TestEntry testId="63d9d392-d9b3-afc0-9206-da7e32570d45" executionId="7ea024e6-ede2-4bdd-b724-5e0e7e76244f" testListId="8c84fa94-04c1-424b-9868-57a2d4851a1d" />
    <TestEntry testId="748d97bb-ff4d-18f8-7490-ccd56fc7939d" executionId="8d7486e2-2be5-4756-80fd-bdb57b98950b" testListId="8c84fa94-04c1-424b-9868-57a2d4851a1d" />
    <TestEntry testId="11496395-96f8-7cc5-1601-9a808913dd73" executionId="47e67640-7928-4627-bc89-7b434b85cea1" testListId="8c84fa94-04c1-424b-9868-57a2d4851a1d" />
    <TestEntry testId="87d81ac1-92fc-ac4d-a076-1c87bb444691" executionId="41bf57ad-7df5-494f-aa70-6bf99d4d58c7" testListId="8c84fa94-04c1-424b-9868-57a2d4851a1d" />
    <TestEntry testId="bb5154d1-b3c4-92ac-99c3-a758a1e50aa7" executionId="af563567-60b2-4dc9-ab36-21e8fcf7dca6" testListId="8c84fa94-04c1-424b-9868-57a2d4851a1d" />
    <TestEntry testId="62e6ec36-b2cc-92ba-4391-9242f8e9533a" executionId="5d2831f8-c044-4063-beb8-f93531766ac7" testListId="8c84fa94-04c1-424b-9868-57a2d4851a1d" />
    <TestEntry testId="f67a8e2c-3dc6-1aae-33f5-1ce9b40698fb" executionId="f76b1bfe-985a-44c9-b99d-b34d77bc0053" testListId="8c84fa94-04c1-424b-9868-57a2d4851a1d" />
    <TestEntry testId="48d2cd6c-9aa0-ad99-1f97-2b3fae2ea0fd" executionId="3a9ee7a3-313f-40a9-afc6-9c1453a062b8" testListId="8c84fa94-04c1-424b-9868-57a2d4851a1d" />
    <TestEntry testId="f2a1da8b-d50c-2467-b3f0-a8fbbc62708b" executionId="27b91bf8-14fc-4045-8b95-cf3373ad1f83" testListId="8c84fa94-04c1-424b-9868-57a2d4851a1d" />
    <TestEntry testId="af6de727-dca4-9010-c341-7f17358dabc3" executionId="3eb4407d-a699-490d-a49b-e98e854f0126" testListId="8c84fa94-04c1-424b-9868-57a2d4851a1d" />
    <TestEntry testId="3935981f-f709-392f-874c-16fbb2c489b8" executionId="dd33bbd5-87ad-4d25-919e-c483d1859680" testListId="8c84fa94-04c1-424b-9868-57a2d4851a1d" />
    <TestEntry testId="c47d2677-0b00-2ac4-14a4-d7ef77fee823" executionId="c27b8e7f-34d0-4bca-b02f-24211f85c983" testListId="8c84fa94-04c1-424b-9868-57a2d4851a1d" />
    <TestEntry testId="3e3e7556-d6a3-e574-252e-c8356d910093" executionId="7b7853e1-2783-4e14-a1e9-f6518c3efd73" testListId="8c84fa94-04c1-424b-9868-57a2d4851a1d" />
    <TestEntry testId="e588891d-20eb-8fcb-11e2-be48bf831739" executionId="c4f35e6d-752b-41e0-9836-68d0d63a2fc5" testListId="8c84fa94-04c1-424b-9868-57a2d4851a1d" />
    <TestEntry testId="07c20519-3607-c715-f550-583de3e70d06" executionId="b2077584-d117-4f26-9d96-c06ba40cb69c" testListId="8c84fa94-04c1-424b-9868-57a2d4851a1d" />
    <TestEntry testId="e15383c6-6738-62b7-0f5d-7175ee49eff4" executionId="193f8323-d00d-4762-a93b-0ea1637698a5" testListId="8c84fa94-04c1-424b-9868-57a2d4851a1d" />
    <TestEntry testId="3d68b30e-cec9-689e-80c4-53cdc4bfdabb" executionId="743a1ef6-28d6-4a34-9bd8-df783ccc3eda" testListId="8c84fa94-04c1-424b-9868-57a2d4851a1d" />
    <TestEntry testId="95df58ef-294f-7686-8b0c-4995b5a94104" executionId="b63ecf89-fc2d-4eb9-858c-bafa5ef3b700" testListId="8c84fa94-04c1-424b-9868-57a2d4851a1d" />
    <TestEntry testId="27977b8e-6ac2-cf8a-55a3-b29c687c3c70" executionId="9404e7e0-22ae-49bf-bb12-edc4771928a1" testListId="8c84fa94-04c1-424b-9868-57a2d4851a1d" />
    <TestEntry testId="b0e72137-a19d-ffa2-3576-6bda0c3f8b87" executionId="e24edb2c-c28e-45f4-a6e8-6dd3c24de9b8" testListId="8c84fa94-04c1-424b-9868-57a2d4851a1d" />
    <TestEntry testId="f68b7ff2-f849-5c4e-e1f8-d1c36ec528e4" executionId="c5465952-e4f7-4ce0-850e-4775982267b5" testListId="8c84fa94-04c1-424b-9868-57a2d4851a1d" />
    <TestEntry testId="33a916e7-e0c3-2bf6-8bf0-df31df01c836" executionId="9a06099e-3632-401a-98e5-073e584d3ea9" testListId="8c84fa94-04c1-424b-9868-57a2d4851a1d" />
    <TestEntry testId="135db028-bc7b-69d6-3c98-dfcd6f8e2440" executionId="a29253e8-090f-46f4-9c40-fc6794476469" testListId="8c84fa94-04c1-424b-9868-57a2d4851a1d" />
    <TestEntry testId="dc461f89-39eb-cd3d-d492-ca0701a031d4" executionId="d8eee5b4-cb86-4dd4-9766-2846c82cdf01" testListId="8c84fa94-04c1-424b-9868-57a2d4851a1d" />
    <TestEntry testId="fa970c0a-aaed-cb47-bcfa-d37ad402a716" executionId="be7eb4c6-b0b7-49c2-989c-d91de6f1a5d7" testListId="8c84fa94-04c1-424b-9868-57a2d4851a1d" />
    <TestEntry testId="e74e2404-8c97-6591-1a9e-c9dd27d53634" executionId="a85a614e-77af-4b00-8144-caa6f322ebfd" testListId="8c84fa94-04c1-424b-9868-57a2d4851a1d" />
    <TestEntry testId="5e0ec9b3-284c-5df3-6c53-2fd6fcc8b798" executionId="6187224e-9eae-43aa-8b8c-5cc79605c303" testListId="8c84fa94-04c1-424b-9868-57a2d4851a1d" />
    <TestEntry testId="1e9e1120-979e-7211-5746-3e8728e7d77f" executionId="33d0123e-a328-4f32-afea-80d56a45a21a" testListId="8c84fa94-04c1-424b-9868-57a2d4851a1d" />
    <TestEntry testId="8ea1af6d-4145-9ef3-5dce-906e0b31bb71" executionId="eebda358-dd96-433f-953c-9b7f7af10d63" testListId="8c84fa94-04c1-424b-9868-57a2d4851a1d" />
    <TestEntry testId="d7a55ef0-8bc6-242d-af60-6fade45679e2" executionId="68d96f20-130a-4eec-b783-da3f63878cd4" testListId="8c84fa94-04c1-424b-9868-57a2d4851a1d" />
    <TestEntry testId="6b2ebddb-c367-2beb-9dc8-cc549d319946" executionId="29d5b456-cbaf-4b99-97e6-3fa482b90d1e" testListId="8c84fa94-04c1-424b-9868-57a2d4851a1d" />
    <TestEntry testId="e3c7c54a-2e62-f877-6a05-3b14beb1e66f" executionId="faa15edb-ebd1-4f1e-a9d8-9f7dcf843b02" testListId="8c84fa94-04c1-424b-9868-57a2d4851a1d" />
    <TestEntry testId="05d34af3-536a-e226-9def-f828dc6aaa9f" executionId="e06d0be0-eaba-4812-9a36-0d8fe47557f6" testListId="8c84fa94-04c1-424b-9868-57a2d4851a1d" />
    <TestEntry testId="d929efc4-2274-100e-0cfe-2d600fbb40c8" executionId="ae48412a-80bd-4125-896c-ee4a487e563b" testListId="8c84fa94-04c1-424b-9868-57a2d4851a1d" />
    <TestEntry testId="03c7197a-9baf-ea13-0f71-cbf21cc5e95c" executionId="903d52e2-0bfa-4ec5-b13e-aaa97e1cfd08" testListId="8c84fa94-04c1-424b-9868-57a2d4851a1d" />
    <TestEntry testId="5b9d7013-aea5-f5b1-48f0-03a7e7916886" executionId="9d3a7458-d4ce-4c46-bfc9-8b8ebefb83d9" testListId="8c84fa94-04c1-424b-9868-57a2d4851a1d" />
    <TestEntry testId="bfe26eb8-3402-e1f0-dc25-1f5ddefb63dc" executionId="802e3d9d-a27e-4abd-a5d2-080af44e4d67" testListId="8c84fa94-04c1-424b-9868-57a2d4851a1d" />
    <TestEntry testId="903f607f-1327-b357-5d32-fd2ddfc6e164" executionId="7769fc17-6711-4e7b-aed6-63c7d5f19a76" testListId="8c84fa94-04c1-424b-9868-57a2d4851a1d" />
    <TestEntry testId="d15ed8ba-9e05-c0d7-aa92-e3656ff24752" executionId="44296812-0a05-4ceb-af8b-611b2463d337" testListId="8c84fa94-04c1-424b-9868-57a2d4851a1d" />
    <TestEntry testId="5fe0675b-e7d8-583c-1d26-4113d13eb6b5" executionId="8b321b87-2196-4edf-978d-dc70cd180311" testListId="8c84fa94-04c1-424b-9868-57a2d4851a1d" />
    <TestEntry testId="53908e01-720e-f6c4-eabb-a2e73287dcf8" executionId="82f19856-58b7-4514-b529-f14ad11bf655" testListId="8c84fa94-04c1-424b-9868-57a2d4851a1d" />
    <TestEntry testId="52be073c-70bc-fbd8-cf44-00e64e94268c" executionId="b12515b8-5b35-462f-8ef3-addeecc13e1e" testListId="8c84fa94-04c1-424b-9868-57a2d4851a1d" />
    <TestEntry testId="da97c5f8-d527-dd70-a84a-8d7c2e94a34c" executionId="eed48e53-f0a0-4ad3-ae6e-bc0f0cac264b" testListId="8c84fa94-04c1-424b-9868-57a2d4851a1d" />
    <TestEntry testId="2e912701-47c5-7bd8-844a-81c351419097" executionId="14e7283c-2744-461e-b775-42be46e2390f" testListId="8c84fa94-04c1-424b-9868-57a2d4851a1d" />
    <TestEntry testId="5e2aed15-744e-fd13-aedd-3e3a0b0c73a2" executionId="fb68a52b-2f0f-4db8-900a-d26b07c70dc8" testListId="8c84fa94-04c1-424b-9868-57a2d4851a1d" />
    <TestEntry testId="70c34eff-5dd9-b61b-cab7-336570af8cdb" executionId="a728e672-4efc-4a0e-b513-7bd0fa62d5ea" testListId="8c84fa94-04c1-424b-9868-57a2d4851a1d" />
    <TestEntry testId="0156ede4-5c37-9a15-bdd7-f99ce888bbeb" executionId="b3c86260-d1bd-41e1-9c9a-ee326af260fc" testListId="8c84fa94-04c1-424b-9868-57a2d4851a1d" />
    <TestEntry testId="4dd5d7af-4d06-c78e-21c8-0f9f3a9060aa" executionId="b745a9d9-651d-41c2-a251-47e9c0646c9a" testListId="8c84fa94-04c1-424b-9868-57a2d4851a1d" />
    <TestEntry testId="ada6b067-3d63-297a-863f-6597b46cde9c" executionId="dba0ec73-05c6-47a6-b3d2-8599ce17175f" testListId="8c84fa94-04c1-424b-9868-57a2d4851a1d" />
    <TestEntry testId="12760bf2-5c98-1393-5b0f-634ac9a31cae" executionId="8ded1f89-dc22-4779-8259-ff0c39673b5f" testListId="8c84fa94-04c1-424b-9868-57a2d4851a1d" />
    <TestEntry testId="42f3cbd7-0435-f51b-df1d-e2bbca79d98b" executionId="2a4980c5-5f14-4e73-a48d-4155acb6ebe6" testListId="8c84fa94-04c1-424b-9868-57a2d4851a1d" />
    <TestEntry testId="55d60a31-3a79-6f95-db6c-e8c7e596ba53" executionId="f3e306dd-acd3-45a9-a9ab-64eedbb9e917" testListId="8c84fa94-04c1-424b-9868-57a2d4851a1d" />
    <TestEntry testId="264990b1-7bd2-d37a-dd63-650db9cd5f18" executionId="4b5fa61f-f227-46fe-ac0b-b3a446ba7242" testListId="8c84fa94-04c1-424b-9868-57a2d4851a1d" />
    <TestEntry testId="e5f62c02-76ba-de58-9c86-34f71538a56f" executionId="57f7a8db-bf90-40f0-a5a6-3e1645548d7a" testListId="8c84fa94-04c1-424b-9868-57a2d4851a1d" />
    <TestEntry testId="e223a10e-ba08-b949-6d51-6196ead5745d" executionId="018459a6-5794-495f-99af-b029cbd1867a" testListId="8c84fa94-04c1-424b-9868-57a2d4851a1d" />
    <TestEntry testId="8d24b194-c4b1-5468-6147-3117872a41db" executionId="cce8588b-b2ad-466a-bdf0-d72e84f2887a" testListId="8c84fa94-04c1-424b-9868-57a2d4851a1d" />
    <TestEntry testId="feb5e09f-6cad-271b-dc39-820168ac1d4b" executionId="89ad4dba-5e31-4b41-a376-f2b1cf117fb3" testListId="8c84fa94-04c1-424b-9868-57a2d4851a1d" />
    <TestEntry testId="6365a13f-095b-c5cc-95aa-9f10881a5810" executionId="5c991886-348c-4ce3-b324-fb853f7b16f8" testListId="8c84fa94-04c1-424b-9868-57a2d4851a1d" />
    <TestEntry testId="1d2935f8-6e27-5d6e-7650-714fae65c883" executionId="6c78364f-a838-4e4f-b6f0-ddff7252e4bf" testListId="8c84fa94-04c1-424b-9868-57a2d4851a1d" />
    <TestEntry testId="0196759a-060f-be97-0e6b-0fceb7c03687" executionId="40685220-70f1-4ebd-bfe3-94062e9419c5" testListId="8c84fa94-04c1-424b-9868-57a2d4851a1d" />
    <TestEntry testId="9ac2c941-f546-00f6-c171-bb90b18ae2f6" executionId="6673144d-19c4-4d8b-9270-4d4a933fc304" testListId="8c84fa94-04c1-424b-9868-57a2d4851a1d" />
    <TestEntry testId="0df4baed-685e-0656-bae2-f557a91900b8" executionId="86b929fb-5240-438d-a407-6c764b86596b" testListId="8c84fa94-04c1-424b-9868-57a2d4851a1d" />
    <TestEntry testId="43a68a2d-1caf-90a5-3d1f-3e6afa275916" executionId="71c300ba-8100-4583-8655-2efbd8c44a6f" testListId="8c84fa94-04c1-424b-9868-57a2d4851a1d" />
    <TestEntry testId="0556efa0-cc6d-8dd0-9d01-25452ba1e534" executionId="5d79c3d5-b8b2-4266-b209-47e9a42b1d29" testListId="8c84fa94-04c1-424b-9868-57a2d4851a1d" />
    <TestEntry testId="b096dbe5-7fc2-3647-27aa-d569ee675859" executionId="fb70a27e-62e3-4205-a15f-916d740d9d20" testListId="8c84fa94-04c1-424b-9868-57a2d4851a1d" />
    <TestEntry testId="df908555-f875-eb83-0756-c8193642bae0" executionId="a816a017-8a63-4468-9e8c-629ce2f425b0" testListId="8c84fa94-04c1-424b-9868-57a2d4851a1d" />
    <TestEntry testId="22c7bd78-0f52-f2c5-3455-8500b4fdcbe8" executionId="e382a187-e2e5-4c14-97f5-f5eefcec2067" testListId="8c84fa94-04c1-424b-9868-57a2d4851a1d" />
    <TestEntry testId="fbfccc02-c834-391d-7d20-375ea1eda674" executionId="57017652-7f0d-4447-b7d1-8d1f73ceac3e" testListId="8c84fa94-04c1-424b-9868-57a2d4851a1d" />
    <TestEntry testId="a9855f67-47f3-d603-276a-ec47c541d24f" executionId="d29bd4d9-49a7-49bf-837b-4b3be7be4168" testListId="8c84fa94-04c1-424b-9868-57a2d4851a1d" />
    <TestEntry testId="b114cbe6-febd-0598-4edc-98890d331b41" executionId="9a39dda0-6316-4515-9ce9-1266d3555b40" testListId="8c84fa94-04c1-424b-9868-57a2d4851a1d" />
    <TestEntry testId="d74dbc2a-dc6b-ac6f-60ac-4353378ff8ec" executionId="76b840c6-997f-4d82-8a66-13427f6840c0" testListId="8c84fa94-04c1-424b-9868-57a2d4851a1d" />
    <TestEntry testId="2c4360f0-582e-5221-be70-0c813e0c4fce" executionId="141bcedf-ff75-41fa-ba24-64851833a9ad" testListId="8c84fa94-04c1-424b-9868-57a2d4851a1d" />
    <TestEntry testId="8bce7c84-0364-82b2-988c-92e647c2a914" executionId="fe973d1b-2310-4a41-9a9f-d26da2f5781d" testListId="8c84fa94-04c1-424b-9868-57a2d4851a1d" />
    <TestEntry testId="7ff3b3e4-e445-ef2c-c250-9e0e78ae2832" executionId="8bb0d621-3c77-4925-b9ee-ebff8f4ddc4e" testListId="8c84fa94-04c1-424b-9868-57a2d4851a1d" />
    <TestEntry testId="dee9a1ca-8138-a1ce-9664-e08c7d3676fb" executionId="2d656b8c-a48d-404d-bcaa-b52093a3df5f" testListId="8c84fa94-04c1-424b-9868-57a2d4851a1d" />
    <TestEntry testId="d849ecf7-caaf-9957-741a-14b64421d1c3" executionId="bdecd377-539d-4d4d-b356-ffbf70359f82" testListId="8c84fa94-04c1-424b-9868-57a2d4851a1d" />
    <TestEntry testId="50f6af69-0860-2390-adec-ca4c8f2cf8cd" executionId="50e30a78-e92d-4591-9239-36fc281b0640" testListId="8c84fa94-04c1-424b-9868-57a2d4851a1d" />
  </TestEntries>
  <TestLists>
    <TestList name="列表中未列出的结果" id="8c84fa94-04c1-424b-9868-57a2d4851a1d" />
    <TestList name="所有已加载的结果" id="19431567-8539-422a-85d7-44ee4e166bda" />
  </TestLists>
  <ResultSummary outcome="Completed">
    <Counters total="188" executed="188" passed="188" failed="0" error="0" timeout="0" aborted="0" inconclusive="0" passedButRunAborted="0" notRunnable="0" notExecuted="0" disconnected="0" warning="0" completed="0" inProgress="0" pending="0" />
    <Output>
      <StdOut>[xUnit.net 00:00:00.00] xUnit.net VSTest Adapter v3.1.5+1b188a7b0a (64-bit .NET 10.0.10)&#xD;
[xUnit.net 00:00:00.13]   Discovering: HlslPerf.Core.Tests&#xD;
[xUnit.net 00:00:00.31]   Discovered:  HlslPerf.Core.Tests&#xD;
[xUnit.net 00:00:00.49]   Starting:    HlslPerf.Core.Tests&#xD;
[xUnit.net 00:00:01.24]   Finished:    HlslPerf.Core.Tests (ID = '32bbac1d15028779194227648d1efc9c36a846e8b152e6b460d3eb3068ac247e')&#xD;
</StdOut>
    </Output>
  </ResultSummary>
</TestRun>